#
# There is insufficient memory for the Java Runtime Environment to continue.
# Native memory allocation (mmap) failed to map 125829120 bytes for committing reserved memory.
# Possible reasons:
#   The system is out of physical RAM or swap space
#   In 32 bit mode, the process size limit was hit
# Possible solutions:
#   Reduce memory load on the system
#   Increase physical memory or swap space
#   Check if swap backing store is full
#   Use 64 bit Java on a 64 bit OS
#   Decrease Java heap size (-Xmx/-Xms)
#   Decrease number of Java threads
#   Decrease Java thread stack sizes (-Xss)
#   Set larger code cache with -XX:ReservedCodeCacheSize=
# This output file may be truncated or incomplete.
#
#  Out of Memory Error (os_linux.cpp:2627), pid=3712, tid=140614233790208
#
# JRE version: Java(TM) SE Runtime Environment (8.0_65-b17) (build 1.8.0_65-b17)
# Java VM: Java HotSpot(TM) 64-Bit Server VM (25.65-b01 mixed mode linux-amd64 compressed oops)
# Failed to write core dump. Core dumps have been disabled. To enable core dumping, try "ulimit -c unlimited" before starting Java again
#

---------------  T H R E A D  ---------------

Current thread (0x00007fe360077800):  VMThread [stack: 0x00007fe34d649000,0x00007fe34d74a000] [id=3720]

Stack: [0x00007fe34d649000,0x00007fe34d74a000],  sp=0x00007fe34d7480e0,  free space=1020k
Native frames: (J=compiled Java code, j=interpreted, Vv=VM code, C=native code)
V  [libjvm.so+0xab97ea]  VMError::report_and_die()+0x2ba
V  [libjvm.so+0x4f9dcb]  report_vm_out_of_memory(char const*, int, unsigned long, VMErrorType, char const*)+0x8b
V  [libjvm.so+0x91a7c3]  os::Linux::commit_memory_impl(char*, unsigned long, bool)+0x103
V  [libjvm.so+0x91ad19]  os::pd_commit_memory(char*, unsigned long, unsigned long, bool)+0x29
V  [libjvm.so+0x91502a]  os::commit_memory(char*, unsigned long, unsigned long, bool)+0x2a
V  [libjvm.so+0x9886d3]  PSVirtualSpace::expand_by(unsigned long)+0x53
V  [libjvm.so+0x989ad8]  PSYoungGen::resize_generation(unsigned long, unsigned long)+0xf8
V  [libjvm.so+0x988c32]  PSYoungGen::resize(unsigned long, unsigned long)+0x22
V  [libjvm.so+0x985f0b]  PSScavenge::invoke_no_policy()+0xf3b
V  [libjvm.so+0x986691]  PSScavenge::invoke()+0x41
V  [libjvm.so+0x93e430]  ParallelScavengeHeap::failed_mem_allocate(unsigned long)+0x70
V  [libjvm.so+0xabb207]  VM_ParallelGCFailedAllocation::doit()+0x97
V  [libjvm.so+0xac2c35]  VM_Operation::evaluate()+0x55
V  [libjvm.so+0xac100a]  VMThread::evaluate_operation(VM_Operation*)+0xba
V  [libjvm.so+0xac138e]  VMThread::loop()+0x1ce
V  [libjvm.so+0xac1800]  VMThread::run()+0x70
V  [libjvm.so+0x91cb88]  java_start(Thread*)+0x108

VM_Operation (0x00007fe367ba90e0): ParallelGCFailedAllocation, mode: safepoint, requested by thread 0x00007fe36000a000


---------------  P R O C E S S  ---------------

Java Threads: ( => current thread )
  0x00007fe3600c3000 JavaThread "Service Thread" daemon [_thread_blocked, id=3727, stack(0x00007fe34c72f000,0x00007fe34c830000)]
  0x00007fe3600be000 JavaThread "C1 CompilerThread2" daemon [_thread_blocked, id=3726, stack(0x00007fe34c830000,0x00007fe34c931000)]
  0x00007fe3600bc000 JavaThread "C2 CompilerThread1" daemon [_thread_blocked, id=3725, stack(0x00007fe34c931000,0x00007fe34ca32000)]
  0x00007fe3600b9000 JavaThread "C2 CompilerThread0" daemon [_thread_blocked, id=3724, stack(0x00007fe34ca32000,0x00007fe34cb33000)]
  0x00007fe3600b8000 JavaThread "Signal Dispatcher" daemon [_thread_blocked, id=3723, stack(0x00007fe34cb33000,0x00007fe34cc34000)]
  0x00007fe36007f000 JavaThread "Finalizer" daemon [_thread_blocked, id=3722, stack(0x00007fe34d447000,0x00007fe34d548000)]
  0x00007fe36007c800 JavaThread "Reference Handler" daemon [_thread_blocked, id=3721, stack(0x00007fe34d548000,0x00007fe34d649000)]
  0x00007fe36000a000 JavaThread "main" [_thread_blocked, id=3715, stack(0x00007fe367aac000,0x00007fe367bad000)]

Other Threads:
=>0x00007fe360077800 VMThread [stack: 0x00007fe34d649000,0x00007fe34d74a000] [id=3720]
  0x00007fe3600c6000 WatcherThread [stack: 0x00007fe34c62e000,0x00007fe34c72f000] [id=3728]

VM state:at safepoint (normal execution)

VM Mutex/Monitor currently owned by a thread:  ([mutex/lock_event])
[0x00007fe360006140] Threads_lock - owner thread: 0x00007fe360077800
[0x00007fe360006640] Heap_lock - owner thread: 0x00007fe36000a000

Heap:
 PSYoungGen      total 131072K, used 5780K [0x00000000ec100000, 0x00000000f4900000, 0x0000000100000000)
  eden space 122880K, 0% used [0x00000000ec100000,0x00000000ec100000,0x00000000f3900000)
  from space 8192K, 70% used [0x00000000f3900000,0x00000000f3ea5000,0x00000000f4100000)
  to   space 8192K, 0% used [0x00000000f4100000,0x00000000f4100000,0x00000000f4900000)
 ParOldGen       total 40960K, used 12635K [0x00000000c4200000, 0x00000000c6a00000, 0x00000000ec100000)
  object space 40960K, 30% used [0x00000000c4200000,0x00000000c4e56ce0,0x00000000c6a00000)
 Metaspace       used 18389K, capacity 18850K, committed 18944K, reserved 1067008K
  class space    used 2148K, capacity 2276K, committed 2304K, reserved 1048576K

Card table byte_map: [0x00007fe36468f000,0x00007fe36486f000] byte_map_base: 0x00007fe36406e000

Marking Bits: (ParMarkBitMap*) 0x00007fe366f7dde0
 Begin Bits: [0x00007fe34f210000, 0x00007fe350108000)
 End Bits:   [0x00007fe350108000, 0x00007fe351000000)

Polling page: 0x00007fe367bc5000

CodeCache: size=245760Kb used=11701Kb max_used=11701Kb free=234058Kb
 bounds [0x00007fe351000000, 0x00007fe351b80000, 0x00007fe360000000]
 total_blobs=3865 nmethods=3507 adapters=271
 compilation: enabled

Compilation events (10 events):
Event: 90,096 Thread 0x00007fe3600be000 3995  s    3       org.apache.maven.wagon.providers.http.httpclient.pool.PoolEntry::updateExpiry (54 bytes)
Event: 90,097 Thread 0x00007fe3600be000 nmethod 3995 0x00007fe351b762d0 code [0x00007fe351b764e0, 0x00007fe351b77128]
Event: 90,097 Thread 0x00007fe3600be000 3996   !   3       org.apache.maven.wagon.providers.http.httpclient.pool.AbstractConnPool::release (141 bytes)
Event: 90,099 Thread 0x00007fe3600be000 nmethod 3996 0x00007fe351b78950 code [0x00007fe351b78c00, 0x00007fe351b79ef8]
Event: 90,106 Thread 0x00007fe3600be000 3997   !   3       org.apache.maven.model.Activation::clone (127 bytes)
Event: 90,108 Thread 0x00007fe3600be000 nmethod 3997 0x00007fe351b7a8d0 code [0x00007fe351b7ab80, 0x00007fe351b7bd28]
Event: 90,108 Thread 0x00007fe3600be000 3998       3       org.apache.maven.model.merge.ModelMerger::mergeReportPlugin_GroupId (41 bytes)
Event: 90,109 Thread 0x00007fe3600be000 nmethod 3998 0x00007fe351b7c690 code [0x00007fe351b7c880, 0x00007fe351b7d298]
Event: 90,109 Thread 0x00007fe3600be000 3999       3       org.apache.maven.model.merge.ModelMerger::mergeReportPlugin_ArtifactId (41 bytes)
Event: 90,110 Thread 0x00007fe3600be000 nmethod 3999 0x00007fe351b7d750 code [0x00007fe351b7d940, 0x00007fe351b7e358]

GC Heap History (10 events):
Event: 1,113 GC heap after
Heap after GC invocations=2 (full 0):
 PSYoungGen      total 33280K, used 2406K [0x00000000ec100000, 0x00000000ee400000, 0x0000000100000000)
  eden space 30720K, 0% used [0x00000000ec100000,0x00000000ec100000,0x00000000edf00000)
  from space 2560K, 93% used [0x00000000ee180000,0x00000000ee3d98f0,0x00000000ee400000)
  to   space 2560K, 0% used [0x00000000edf00000,0x00000000edf00000,0x00000000ee180000)
 ParOldGen       total 40960K, used 745K [0x00000000c4200000, 0x00000000c6a00000, 0x00000000ec100000)
  object space 40960K, 1% used [0x00000000c4200000,0x00000000c42ba750,0x00000000c6a00000)
 Metaspace       used 7466K, capacity 7550K, committed 7680K, reserved 1056768K
  class space    used 936K, capacity 985K, committed 1024K, reserved 1048576K
}
Event: 2,037 GC heap before
{Heap before GC invocations=3 (full 0):
 PSYoungGen      total 33280K, used 33126K [0x00000000ec100000, 0x00000000ee400000, 0x0000000100000000)
  eden space 30720K, 100% used [0x00000000ec100000,0x00000000edf00000,0x00000000edf00000)
  from space 2560K, 93% used [0x00000000ee180000,0x00000000ee3d98f0,0x00000000ee400000)
  to   space 2560K, 0% used [0x00000000edf00000,0x00000000edf00000,0x00000000ee180000)
 ParOldGen       total 40960K, used 745K [0x00000000c4200000, 0x00000000c6a00000, 0x00000000ec100000)
  object space 40960K, 1% used [0x00000000c4200000,0x00000000c42ba750,0x00000000c6a00000)
 Metaspace       used 12533K, capacity 12828K, committed 12928K, reserved 1060864K
  class space    used 1551K, capacity 1651K, committed 1664K, reserved 1048576K
Event: 2,046 GC heap after
Heap after GC invocations=3 (full 0):
 PSYoungGen      total 33280K, used 2528K [0x00000000ec100000, 0x00000000f0200000, 0x0000000100000000)
  eden space 30720K, 0% used [0x00000000ec100000,0x00000000ec100000,0x00000000edf00000)
  from space 2560K, 98% used [0x00000000edf00000,0x00000000ee178020,0x00000000ee180000)
  to   space 2560K, 0% used [0x00000000eff80000,0x00000000eff80000,0x00000000f0200000)
 ParOldGen       total 40960K, used 5085K [0x00000000c4200000, 0x00000000c6a00000, 0x00000000ec100000)
  object space 40960K, 12% used [0x00000000c4200000,0x00000000c46f7428,0x00000000c6a00000)
 Metaspace       used 12533K, capacity 12828K, committed 12928K, reserved 1060864K
  class space    used 1551K, capacity 1651K, committed 1664K, reserved 1048576K
}
Event: 2,667 GC heap before
{Heap before GC invocations=4 (full 0):
 PSYoungGen      total 33280K, used 33248K [0x00000000ec100000, 0x00000000f0200000, 0x0000000100000000)
  eden space 30720K, 100% used [0x00000000ec100000,0x00000000edf00000,0x00000000edf00000)
  from space 2560K, 98% used [0x00000000edf00000,0x00000000ee178020,0x00000000ee180000)
  to   space 2560K, 0% used [0x00000000eff80000,0x00000000eff80000,0x00000000f0200000)
 ParOldGen       total 40960K, used 5085K [0x00000000c4200000, 0x00000000c6a00000, 0x00000000ec100000)
  object space 40960K, 12% used [0x00000000c4200000,0x00000000c46f7428,0x00000000c6a00000)
 Metaspace       used 15089K, capacity 15408K, committed 15616K, reserved 1062912K
  class space    used 1833K, capacity 1929K, committed 2048K, reserved 1048576K
Event: 2,695 GC heap after
Heap after GC invocations=4 (full 0):
 PSYoungGen      total 64000K, used 2544K [0x00000000ec100000, 0x00000000f0200000, 0x0000000100000000)
  eden space 61440K, 0% used [0x00000000ec100000,0x00000000ec100000,0x00000000efd00000)
  from space 2560K, 99% used [0x00000000eff80000,0x00000000f01fc010,0x00000000f0200000)
  to   space 2560K, 0% used [0x00000000efd00000,0x00000000efd00000,0x00000000eff80000)
 ParOldGen       total 40960K, used 8862K [0x00000000c4200000, 0x00000000c6a00000, 0x00000000ec100000)
  object space 40960K, 21% used [0x00000000c4200000,0x00000000c4aa7a80,0x00000000c6a00000)
 Metaspace       used 15089K, capacity 15408K, committed 15616K, reserved 1062912K
  class space    used 1833K, capacity 1929K, committed 2048K, reserved 1048576K
}
Event: 8,185 GC heap before
{Heap before GC invocations=5 (full 0):
 PSYoungGen      total 64000K, used 63984K [0x00000000ec100000, 0x00000000f0200000, 0x0000000100000000)
  eden space 61440K, 100% used [0x00000000ec100000,0x00000000efd00000,0x00000000efd00000)
  from space 2560K, 99% used [0x00000000eff80000,0x00000000f01fc010,0x00000000f0200000)
  to   space 2560K, 0% used [0x00000000efd00000,0x00000000efd00000,0x00000000eff80000)
 ParOldGen       total 40960K, used 8862K [0x00000000c4200000, 0x00000000c6a00000, 0x00000000ec100000)
  object space 40960K, 21% used [0x00000000c4200000,0x00000000c4aa7a80,0x00000000c6a00000)
 Metaspace       used 16903K, capacity 17280K, committed 17536K, reserved 1064960K
  class space    used 2059K, capacity 2161K, committed 2176K, reserved 1048576K
Event: 8,207 GC heap after
Heap after GC invocations=5 (full 0):
 PSYoungGen      total 64000K, used 2544K [0x00000000ec100000, 0x00000000f4900000, 0x0000000100000000)
  eden space 61440K, 0% used [0x00000000ec100000,0x00000000ec100000,0x00000000efd00000)
  from space 2560K, 99% used [0x00000000efd00000,0x00000000eff7c010,0x00000000eff80000)
  to   space 8192K, 0% used [0x00000000f4100000,0x00000000f4100000,0x00000000f4900000)
 ParOldGen       total 40960K, used 11947K [0x00000000c4200000, 0x00000000c6a00000, 0x00000000ec100000)
  object space 40960K, 29% used [0x00000000c4200000,0x00000000c4daac90,0x00000000c6a00000)
 Metaspace       used 16903K, capacity 17280K, committed 17536K, reserved 1064960K
  class space    used 2059K, capacity 2161K, committed 2176K, reserved 1048576K
}
Event: 38,905 GC heap before
{Heap before GC invocations=6 (full 0):
 PSYoungGen      total 64000K, used 63984K [0x00000000ec100000, 0x00000000f4900000, 0x0000000100000000)
  eden space 61440K, 100% used [0x00000000ec100000,0x00000000efd00000,0x00000000efd00000)
  from space 2560K, 99% used [0x00000000efd00000,0x00000000eff7c010,0x00000000eff80000)
  to   space 8192K, 0% used [0x00000000f4100000,0x00000000f4100000,0x00000000f4900000)
 ParOldGen       total 40960K, used 11947K [0x00000000c4200000, 0x00000000c6a00000, 0x00000000ec100000)
  object space 40960K, 29% used [0x00000000c4200000,0x00000000c4daac90,0x00000000c6a00000)
 Metaspace       used 17309K, capacity 17708K, committed 17920K, reserved 1064960K
  class space    used 2071K, capacity 2195K, committed 2304K, reserved 1048576K
Event: 38,925 GC heap after
Heap after GC invocations=6 (full 0):
 PSYoungGen      total 131072K, used 4032K [0x00000000ec100000, 0x00000000f4900000, 0x0000000100000000)
  eden space 122880K, 0% used [0x00000000ec100000,0x00000000ec100000,0x00000000f3900000)
  from space 8192K, 49% used [0x00000000f4100000,0x00000000f44f0020,0x00000000f4900000)
  to   space 8192K, 0% used [0x00000000f3900000,0x00000000f3900000,0x00000000f4100000)
 ParOldGen       total 40960K, used 11955K [0x00000000c4200000, 0x00000000c6a00000, 0x00000000ec100000)
  object space 40960K, 29% used [0x00000000c4200000,0x00000000c4dacc90,0x00000000c6a00000)
 Metaspace       used 17309K, capacity 17708K, committed 17920K, reserved 1064960K
  class space    used 2071K, capacity 2195K, committed 2304K, reserved 1048576K
}
Event: 90,311 GC heap before
{Heap before GC invocations=7 (full 0):
 PSYoungGen      total 131072K, used 126912K [0x00000000ec100000, 0x00000000f4900000, 0x0000000100000000)
  eden space 122880K, 100% used [0x00000000ec100000,0x00000000f3900000,0x00000000f3900000)
  from space 8192K, 49% used [0x00000000f4100000,0x00000000f44f0020,0x00000000f4900000)
  to   space 8192K, 0% used [0x00000000f3900000,0x00000000f3900000,0x00000000f4100000)
 ParOldGen       total 40960K, used 11955K [0x00000000c4200000, 0x00000000c6a00000, 0x00000000ec100000)
  object space 40960K, 29% used [0x00000000c4200000,0x00000000c4dacc90,0x00000000c6a00000)
 Metaspace       used 18389K, capacity 18850K, committed 18944K, reserved 1067008K
  class space    used 2148K, capacity 2276K, committed 2304K, reserved 1048576K

Deoptimization events (10 events):
Event: 77,007 Thread 0x00007fe3603a2800 Uncommon trap: reason=unstable_if action=reinterpret pc=0x00007fe3518aee10 method=org.apache.maven.cli.ConsoleMavenTransferListener.getStatus(JJ)Ljava/lang/String; @ 5
Event: 77,508 Thread 0x00007fe36000a000 Uncommon trap: reason=bimorphic action=maybe_recompile pc=0x00007fe351a49208 method=java.util.AbstractSet.equals(Ljava/lang/Object;)Z @ 28
Event: 77,877 Thread 0x00007fe36000a000 Uncommon trap: reason=bimorphic action=maybe_recompile pc=0x00007fe351a49208 method=java.util.AbstractSet.equals(Ljava/lang/Object;)Z @ 28
Event: 85,832 Thread 0x00007fe36000a000 Uncommon trap: reason=unstable_if action=reinterpret pc=0x00007fe35167378c method=java.lang.String.regionMatches(ILjava/lang/String;II)Z @ 84
Event: 85,835 Thread 0x00007fe36000a000 Uncommon trap: reason=unstable_if action=reinterpret pc=0x00007fe35177759c method=org.sonatype.guice.bean.locators.RankedBindings$Itr.hasNext()Z @ 60
Event: 85,842 Thread 0x00007fe36000a000 Uncommon trap: reason=unstable_if action=reinterpret pc=0x00007fe35175a710 method=org.sonatype.guice.bean.locators.RankedBindings$Itr.hasNext()Z @ 60
Event: 87,792 Thread 0x00007fe36000a000 Uncommon trap: reason=null_check action=make_not_entrant pc=0x00007fe351acb470 method=org.apache.maven.model.validation.DefaultModelValidator.validateEffectiveDependency(Lorg/apache/maven/model/building/ModelProblemCollector;Lorg/apache/maven/model/Depend
Event: 88,131 Thread 0x00007fe36000a000 Uncommon trap: reason=bimorphic action=maybe_recompile pc=0x00007fe351a49208 method=java.util.AbstractSet.equals(Ljava/lang/Object;)Z @ 28
Event: 88,132 Thread 0x00007fe36000a000 Uncommon trap: reason=bimorphic action=maybe_recompile pc=0x00007fe351a49208 method=java.util.AbstractSet.equals(Ljava/lang/Object;)Z @ 28
Event: 88,650 Thread 0x00007fe36000a000 Uncommon trap: reason=unstable_if action=reinterpret pc=0x00007fe3516aa8e0 method=org.apache.maven.model.io.xpp3.MavenXpp3Reader.nextTag(Lorg/codehaus/plexus/util/xml/pull/XmlPullParser;)I @ 9

Internal exceptions (10 events):
Event: 89,709 Thread 0x00007fe3606b7000 Exception <a 'java/net/SocketTimeoutException': Read timed out> (0x00000000f34ae518) thrown at [/HUDSON/workspace/8-2-build-linux-amd64/jdk8u65/4987/hotspot/src/share/vm/prims/jni.cpp, line 735]
Event: 89,757 Thread 0x00007fe3606b7000 Exception <a 'java/net/SocketTimeoutException': Read timed out> (0x00000000f34b8818) thrown at [/HUDSON/workspace/8-2-build-linux-amd64/jdk8u65/4987/hotspot/src/share/vm/prims/jni.cpp, line 735]
Event: 89,810 Thread 0x00007fe3606b7000 Exception <a 'java/net/SocketTimeoutException': Read timed out> (0x00000000f36fe750) thrown at [/HUDSON/workspace/8-2-build-linux-amd64/jdk8u65/4987/hotspot/src/share/vm/prims/jni.cpp, line 735]
Event: 89,946 Thread 0x00007fe3606b7000 Exception <a 'java/net/SocketTimeoutException': Read timed out> (0x00000000f3709bf8) thrown at [/HUDSON/workspace/8-2-build-linux-amd64/jdk8u65/4987/hotspot/src/share/vm/prims/jni.cpp, line 735]
Event: 90,010 Thread 0x00007fe3606b7000 Exception <a 'java/net/SocketTimeoutException': Read timed out> (0x00000000f3798ec8) thrown at [/HUDSON/workspace/8-2-build-linux-amd64/jdk8u65/4987/hotspot/src/share/vm/prims/jni.cpp, line 735]
Event: 90,062 Thread 0x00007fe3606b7000 Exception <a 'java/net/SocketTimeoutException': Read timed out> (0x00000000f37a3040) thrown at [/HUDSON/workspace/8-2-build-linux-amd64/jdk8u65/4987/hotspot/src/share/vm/prims/jni.cpp, line 735]
Event: 90,122 Thread 0x00007fe3606b7000 Exception <a 'java/net/SocketTimeoutException': Read timed out> (0x00000000f3832830) thrown at [/HUDSON/workspace/8-2-build-linux-amd64/jdk8u65/4987/hotspot/src/share/vm/prims/jni.cpp, line 735]
Event: 90,162 Thread 0x00007fe3606b7000 Exception <a 'java/net/SocketTimeoutException': Read timed out> (0x00000000f383c8d0) thrown at [/HUDSON/workspace/8-2-build-linux-amd64/jdk8u65/4987/hotspot/src/share/vm/prims/jni.cpp, line 735]
Event: 90,223 Thread 0x00007fe3606be000 Exception <a 'java/net/SocketTimeoutException': Read timed out> (0x00000000f38cc088) thrown at [/HUDSON/workspace/8-2-build-linux-amd64/jdk8u65/4987/hotspot/src/share/vm/prims/jni.cpp, line 735]
Event: 90,267 Thread 0x00007fe3606be000 Exception <a 'java/net/SocketTimeoutException': Read timed out> (0x00000000f38d60f0) thrown at [/HUDSON/workspace/8-2-build-linux-amd64/jdk8u65/4987/hotspot/src/share/vm/prims/jni.cpp, line 735]

Events (10 events):
Event: 90,103 Thread 0x00007fe3606b7000 Thread exited: 0x00007fe3606b7000
Event: 90,109 loading class org/apache/maven/wagon/providers/http/HttpWagon
Event: 90,109 loading class org/apache/maven/wagon/providers/http/HttpWagon done
Event: 90,114 Thread 0x00007fe3606b7000 Thread added: 0x00007fe3606b7000
Event: 90,203 loading class org/apache/maven/wagon/providers/http/HttpWagon
Event: 90,203 loading class org/apache/maven/wagon/providers/http/HttpWagon done
Event: 90,210 Thread 0x00007fe3606be000 Thread added: 0x00007fe3606be000
Event: 90,210 Thread 0x00007fe3606b7000 Thread exited: 0x00007fe3606b7000
Event: 90,309 Thread 0x00007fe3606be000 Thread exited: 0x00007fe3606be000
Event: 90,310 Executing VM operation: ParallelGCFailedAllocation


Dynamic libraries:
00400000-00401000 r-xp 00000000 08:01 4730641                            /usr/share/jdk1.8.0_65/bin/java
00600000-00601000 rw-p 00000000 08:01 4730641                            /usr/share/jdk1.8.0_65/bin/java
01af0000-01b11000 rw-p 00000000 00:00 0                                  [heap]
c4200000-c6a00000 rw-p 00000000 00:00 0 
c6a00000-ec100000 ---p 00000000 00:00 0 
ec100000-f4900000 rw-p 00000000 00:00 0 
fc100000-100000000 ---p 00000000 00:00 0 
100000000-100240000 rw-p 00000000 00:00 0 
100240000-140000000 ---p 00000000 00:00 0 
7fe2fc000000-7fe2fc021000 rw-p 00000000 00:00 0 
7fe2fc021000-7fe300000000 ---p 00000000 00:00 0 
7fe300000000-7fe300021000 rw-p 00000000 00:00 0 
7fe300021000-7fe304000000 ---p 00000000 00:00 0 
7fe304000000-7fe304021000 rw-p 00000000 00:00 0 
7fe304021000-7fe308000000 ---p 00000000 00:00 0 
7fe308000000-7fe308021000 rw-p 00000000 00:00 0 
7fe308021000-7fe30c000000 ---p 00000000 00:00 0 
7fe30c000000-7fe30c52d000 rw-p 00000000 00:00 0 
7fe30c52d000-7fe310000000 ---p 00000000 00:00 0 
7fe310000000-7fe310021000 rw-p 00000000 00:00 0 
7fe310021000-7fe314000000 ---p 00000000 00:00 0 
7fe316753000-7fe316793000 rw-p 00000000 00:00 0 
7fe316793000-7fe316956000 ---p 00000000 00:00 0 
7fe316956000-7fe316a54000 rw-p 00000000 00:00 0 
7fe316a54000-7fe316a57000 ---p 00000000 00:00 0 
7fe316a57000-7fe316b55000 rw-p 00000000 00:00 0 
7fe316b55000-7fe316b58000 ---p 00000000 00:00 0 
7fe316b58000-7fe316c56000 rw-p 00000000 00:00 0 
7fe316c56000-7fe316c59000 ---p 00000000 00:00 0 
7fe316c59000-7fe316d57000 rw-p 00000000 00:00 0 
7fe316d57000-7fe316d6e000 r-xp 00000000 08:01 2888074                    /lib/x86_64-linux-gnu/libresolv-2.19.so
7fe316d6e000-7fe316f6e000 ---p 00017000 08:01 2888074                    /lib/x86_64-linux-gnu/libresolv-2.19.so
7fe316f6e000-7fe316f6f000 r--p 00017000 08:01 2888074                    /lib/x86_64-linux-gnu/libresolv-2.19.so
7fe316f6f000-7fe316f70000 rw-p 00018000 08:01 2888074                    /lib/x86_64-linux-gnu/libresolv-2.19.so
7fe316f70000-7fe316f72000 rw-p 00000000 00:00 0 
7fe316f72000-7fe316f77000 r-xp 00000000 08:01 2888021                    /lib/x86_64-linux-gnu/libnss_dns-2.19.so
7fe316f77000-7fe317176000 ---p 00005000 08:01 2888021                    /lib/x86_64-linux-gnu/libnss_dns-2.19.so
7fe317176000-7fe317177000 r--p 00004000 08:01 2888021                    /lib/x86_64-linux-gnu/libnss_dns-2.19.so
7fe317177000-7fe317178000 rw-p 00005000 08:01 2888021                    /lib/x86_64-linux-gnu/libnss_dns-2.19.so
7fe317178000-7fe31717a000 r-xp 00000000 08:01 2888029                    /lib/x86_64-linux-gnu/libnss_mdns4_minimal.so.2
7fe31717a000-7fe317379000 ---p 00002000 08:01 2888029                    /lib/x86_64-linux-gnu/libnss_mdns4_minimal.so.2
7fe317379000-7fe31737a000 r--p 00001000 08:01 2888029                    /lib/x86_64-linux-gnu/libnss_mdns4_minimal.so.2
7fe31737a000-7fe31737b000 rw-p 00002000 08:01 2888029                    /lib/x86_64-linux-gnu/libnss_mdns4_minimal.so.2
7fe31737b000-7fe31757b000 rw-p 00000000 00:00 0 
7fe31757b000-7fe317591000 r-xp 00000000 08:01 2887975                    /lib/x86_64-linux-gnu/libgcc_s.so.1
7fe317591000-7fe317790000 ---p 00016000 08:01 2887975                    /lib/x86_64-linux-gnu/libgcc_s.so.1
7fe317790000-7fe317791000 rw-p 00015000 08:01 2887975                    /lib/x86_64-linux-gnu/libgcc_s.so.1
7fe317791000-7fe3177c3000 r-xp 00000000 08:01 5119688                    /usr/share/jdk1.8.0_65/jre/lib/amd64/libsunec.so
7fe3177c3000-7fe3179c2000 ---p 00032000 08:01 5119688                    /usr/share/jdk1.8.0_65/jre/lib/amd64/libsunec.so
7fe3179c2000-7fe3179c8000 rw-p 00031000 08:01 5119688                    /usr/share/jdk1.8.0_65/jre/lib/amd64/libsunec.so
7fe3179c8000-7fe317bd8000 rw-p 00000000 00:00 0 
7fe317bd8000-7fe317be9000 r-xp 00000000 08:01 5119704                    /usr/share/jdk1.8.0_65/jre/lib/amd64/libnio.so
7fe317be9000-7fe317de8000 ---p 00011000 08:01 5119704                    /usr/share/jdk1.8.0_65/jre/lib/amd64/libnio.so
7fe317de8000-7fe317de9000 rw-p 00010000 08:01 5119704                    /usr/share/jdk1.8.0_65/jre/lib/amd64/libnio.so
7fe317de9000-7fe317dff000 r-xp 00000000 08:01 5119705                    /usr/share/jdk1.8.0_65/jre/lib/amd64/libnet.so
7fe317dff000-7fe317fff000 ---p 00016000 08:01 5119705                    /usr/share/jdk1.8.0_65/jre/lib/amd64/libnet.so
7fe317fff000-7fe318000000 rw-p 00016000 08:01 5119705                    /usr/share/jdk1.8.0_65/jre/lib/amd64/libnet.so
7fe318000000-7fe318021000 rw-p 00000000 00:00 0 
7fe318021000-7fe31c000000 ---p 00000000 00:00 0 
7fe31c000000-7fe31c021000 rw-p 00000000 00:00 0 
7fe31c021000-7fe320000000 ---p 00000000 00:00 0 
7fe320000000-7fe32175b000 rw-p 00000000 00:00 0 
7fe32175b000-7fe324000000 ---p 00000000 00:00 0 
7fe324000000-7fe324812000 rw-p 00000000 00:00 0 
7fe324812000-7fe328000000 ---p 00000000 00:00 0 
7fe328000000-7fe328021000 rw-p 00000000 00:00 0 
7fe328021000-7fe32c000000 ---p 00000000 00:00 0 
7fe32c000000-7fe32d6e7000 rw-p 00000000 00:00 0 
7fe32d6e7000-7fe330000000 ---p 00000000 00:00 0 
7fe330000000-7fe330021000 rw-p 00000000 00:00 0 
7fe330021000-7fe334000000 ---p 00000000 00:00 0 
7fe334000000-7fe334021000 rw-p 00000000 00:00 0 
7fe334021000-7fe338000000 ---p 00000000 00:00 0 
7fe338000000-7fe338021000 rw-p 00000000 00:00 0 
7fe338021000-7fe33c000000 ---p 00000000 00:00 0 
7fe33c000000-7fe33c28b000 rw-p 00000000 00:00 0 
7fe33c28b000-7fe340000000 ---p 00000000 00:00 0 
7fe340000000-7fe340021000 rw-p 00000000 00:00 0 
7fe340021000-7fe344000000 ---p 00000000 00:00 0 
7fe344000000-7fe344021000 rw-p 00000000 00:00 0 
7fe344021000-7fe348000000 ---p 00000000 00:00 0 
7fe348000000-7fe348021000 rw-p 00000000 00:00 0 
7fe348021000-7fe34c000000 ---p 00000000 00:00 0 
7fe34c043000-7fe34c044000 rw-p 00000000 00:00 0 
7fe34c044000-7fe34c046000 r--s 0000d000 08:01 5928178                    /home/tomo/.m2/repository/org/codehaus/plexus/plexus-interpolation/1.13/plexus-interpolation-1.13.jar
7fe34c046000-7fe34c047000 r--s 00001000 08:01 5790252                    /home/tomo/.m2/repository/org/sonatype/plexus/plexus-build-api/0.0.4/plexus-build-api-0.0.4.jar
7fe34c047000-7fe34c049000 r--s 00009000 08:01 5646794                    /home/tomo/.m2/repository/org/apache/maven/shared/maven-filtering/1.1/maven-filtering-1.1.jar
7fe34c049000-7fe34c04d000 r--s 00033000 08:01 5512695                    /home/tomo/.m2/repository/org/codehaus/plexus/plexus-utils/2.0.5/plexus-utils-2.0.5.jar
7fe34c04d000-7fe34c050000 r--s 0001b000 08:01 403580                     /home/tomo/.m2/repository/junit/junit/3.8.1/junit-3.8.1.jar
7fe34c050000-7fe34c052000 r--s 00002000 08:01 5790247                    /home/tomo/.m2/repository/org/codehaus/plexus/plexus-interactivity-api/1.0-alpha-4/plexus-interactivity-api-1.0-alpha-4.jar
7fe34c052000-7fe34c054000 r--s 00006000 08:01 5790246                    /home/tomo/.m2/repository/commons-cli/commons-cli/1.0/commons-cli-1.0.jar
7fe34c054000-7fe34c055000 r--s 00001000 08:01 5790248                    /home/tomo/.m2/repository/org/apache/maven/doxia/doxia-sink-api/1.0-alpha-7/doxia-sink-api-1.0-alpha-7.jar
7fe34c055000-7fe34c056000 r--s 00002000 08:01 5790245                    /home/tomo/.m2/repository/org/apache/maven/reporting/maven-reporting-api/2.0.6/maven-reporting-api-2.0.6.jar
7fe34c056000-7fe34c058000 r--s 00006000 08:01 5120134                    /home/tomo/.m2/repository/org/apache/maven/plugins/maven-resources-plugin/2.6/maven-resources-plugin-2.6.jar
7fe34c058000-7fe34c05c000 r--s 00034000 08:01 5512661                    /home/tomo/.m2/repository/org/codehaus/plexus/plexus-utils/3.0/plexus-utils-3.0.jar
7fe34c05c000-7fe34c05e000 r--s 00005000 08:01 5120115                    /home/tomo/.m2/repository/org/apache/maven/plugins/maven-clean-plugin/2.5/maven-clean-plugin-2.5.jar
7fe34c05e000-7fe34c061000 ---p 00000000 00:00 0 
7fe34c061000-7fe34c15f000 rw-p 00000000 00:00 0 
7fe34c15f000-7fe34c160000 r--s 00009000 08:01 5511178                    /usr/share/jdk1.8.0_65/jre/lib/ext/sunec.jar
7fe34c160000-7fe34c163000 r--s 0001a000 08:01 4986809                    /usr/share/jdk1.8.0_65/jre/lib/jce.jar
7fe34c163000-7fe34c166000 ---p 00000000 00:00 0 
7fe34c166000-7fe34c19c000 rw-p 00000000 00:00 0 
7fe34c19c000-7fe34c19d000 r--p 00000000 00:00 0 
7fe34c19d000-7fe34c39d000 rw-p 00000000 00:00 0 
7fe34c39d000-7fe34c3a2000 r--s 00096000 08:01 4986806                    /usr/share/jdk1.8.0_65/jre/lib/jsse.jar
7fe34c3a2000-7fe34c5a2000 rw-p 00000000 00:00 0 
7fe34c5a2000-7fe34c5a4000 r--s 0000c000 08:01 5927091                    /usr/share/netbeans-8.1/java/maven-nblib/netbeans-eventspy.jar
7fe34c5a4000-7fe34c5aa000 r--s 0002b000 08:01 5789564                    /usr/share/netbeans-8.1/java/maven/lib/sisu-inject-plexus-2.3.0.jar
7fe34c5aa000-7fe34c5ac000 r--s 0000b000 08:01 5789584                    /usr/share/netbeans-8.1/java/maven/lib/wagon-provider-api-2.4.jar
7fe34c5ac000-7fe34c5b2000 r--s 0003e000 08:01 5789603                    /usr/share/netbeans-8.1/java/maven/lib/maven-compat-3.0.5.jar
7fe34c5b2000-7fe34c5b4000 r--s 00006000 08:01 5789407                    /usr/share/netbeans-8.1/java/maven/lib/maven-repository-metadata-3.0.5.jar
7fe34c5b4000-7fe34c5b7000 r--s 00025000 08:01 5789607                    /usr/share/netbeans-8.1/java/maven/lib/maven-model-3.0.5.jar
7fe34c5b7000-7fe34c5c3000 r--s 0007b000 08:01 5789613                    /usr/share/netbeans-8.1/java/maven/lib/maven-core-3.0.5.jar
7fe34c5c3000-7fe34c5c5000 r--s 00006000 08:01 5789470                    /usr/share/netbeans-8.1/java/maven/lib/aether-connector-wagon-1.13.1.jar
7fe34c5c5000-7fe34c5c7000 r--s 0000a000 08:01 5789597                    /usr/share/netbeans-8.1/java/maven/lib/maven-settings-3.0.5.jar
7fe34c5c7000-7fe34c5e5000 r--s 0014f000 08:01 5789614                    /usr/share/netbeans-8.1/java/maven/lib/sisu-guava-0.9.9.jar
7fe34c5e5000-7fe34c600000 r--s 000e0000 08:01 5789590                    /usr/share/netbeans-8.1/java/maven/lib/wagon-http-2.4-shaded.jar
7fe34c600000-7fe34c62e000 r--s 001c2000 08:01 5927076                    /usr/share/netbeans-8.1/java/maven/lib/ext/wagon-http-2.8-shaded.jar
7fe34c62e000-7fe34c62f000 ---p 00000000 00:00 0 
7fe34c62f000-7fe34c72f000 rw-p 00000000 00:00 0                          [stack:3728]
7fe34c72f000-7fe34c732000 ---p 00000000 00:00 0 
7fe34c732000-7fe34c830000 rw-p 00000000 00:00 0                          [stack:3727]
7fe34c830000-7fe34c833000 ---p 00000000 00:00 0 
7fe34c833000-7fe34c931000 rw-p 00000000 00:00 0                          [stack:3726]
7fe34c931000-7fe34c934000 ---p 00000000 00:00 0 
7fe34c934000-7fe34ca32000 rw-p 00000000 00:00 0                          [stack:3725]
7fe34ca32000-7fe34ca35000 ---p 00000000 00:00 0 
7fe34ca35000-7fe34cb33000 rw-p 00000000 00:00 0                          [stack:3724]
7fe34cb33000-7fe34cb36000 ---p 00000000 00:00 0 
7fe34cb36000-7fe34cc34000 rw-p 00000000 00:00 0                          [stack:3723]
7fe34cc34000-7fe34d447000 r--p 00000000 08:01 4725739                    /usr/lib/locale/locale-archive
7fe34d447000-7fe34d44a000 ---p 00000000 00:00 0 
7fe34d44a000-7fe34d548000 rw-p 00000000 00:00 0                          [stack:3722]
7fe34d548000-7fe34d54b000 ---p 00000000 00:00 0 
7fe34d54b000-7fe34d649000 rw-p 00000000 00:00 0                          [stack:3721]
7fe34d649000-7fe34d64a000 ---p 00000000 00:00 0 
7fe34d64a000-7fe34e659000 rw-p 00000000 00:00 0                          [stack:3720]
7fe34e659000-7fe34e831000 r--s 03d20000 08:01 4986810                    /usr/share/jdk1.8.0_65/jre/lib/rt.jar
7fe34e831000-7fe351000000 rw-p 00000000 00:00 0 
7fe351000000-7fe351b80000 rwxp 00000000 00:00 0 
7fe351b80000-7fe360000000 ---p 00000000 00:00 0 
7fe360000000-7fe36081a000 rw-p 00000000 00:00 0 
7fe36081a000-7fe364000000 ---p 00000000 00:00 0 
7fe364000000-7fe364001000 r--s 00009000 08:01 5789616                    /usr/share/netbeans-8.1/java/maven/lib/commons-cli-1.2.jar
7fe364001000-7fe364002000 r--s 00006000 08:01 5789548                    /usr/share/netbeans-8.1/java/maven/lib/plexus-sec-dispatcher-1.3.jar
7fe364002000-7fe364004000 r--s 00002000 08:01 5789608                    /usr/share/netbeans-8.1/java/maven/lib/plexus-cipher-1.7.jar
7fe364004000-7fe364006000 r--s 0000b000 08:01 5789596                    /usr/share/netbeans-8.1/java/maven/lib/maven-artifact-3.0.5.jar
7fe364006000-7fe364007000 r--s 00003000 08:01 5789609                    /usr/share/netbeans-8.1/java/maven/lib/aether-spi-1.13.1.jar
7fe364007000-7fe36400b000 r--s 00012000 08:01 5789610                    /usr/share/netbeans-8.1/java/maven/lib/aether-api-1.13.1.jar
7fe36400b000-7fe36400d000 r--s 0000a000 08:01 5789583                    /usr/share/netbeans-8.1/java/maven/lib/maven-plugin-api-3.0.5.jar
7fe36400d000-7fe364010000 r--s 00008000 08:01 5789499                    /usr/share/netbeans-8.1/java/maven/lib/maven-settings-builder-3.0.5.jar
7fe364010000-7fe364013000 r--s 00033000 08:01 5789602                    /usr/share/netbeans-8.1/java/maven/lib/plexus-utils-2.0.6.jar
7fe364013000-7fe364015000 r--s 0000c000 08:01 5789516                    /usr/share/netbeans-8.1/java/maven/lib/maven-aether-provider-3.0.5.jar
7fe364015000-7fe364017000 r--s 0000d000 08:01 5789549                    /usr/share/netbeans-8.1/java/maven/lib/plexus-interpolation-1.14.jar
7fe364017000-7fe36401b000 r--s 0001c000 08:01 5789605                    /usr/share/netbeans-8.1/java/maven/lib/aether-util-1.13.1.jar
7fe36401b000-7fe364023000 r--s 0004e000 08:01 5789574                    /usr/share/netbeans-8.1/java/maven/lib/sisu-guice-3.1.0-no_aop.jar
7fe364023000-7fe36414b000 rw-p 00000000 00:00 0 
7fe36414b000-7fe36414c000 ---p 00000000 00:00 0 
7fe36414c000-7fe36424c000 rw-p 00000000 00:00 0                          [stack:3719]
7fe36424c000-7fe36424d000 ---p 00000000 00:00 0 
7fe36424d000-7fe36434d000 rw-p 00000000 00:00 0                          [stack:3718]
7fe36434d000-7fe36434e000 ---p 00000000 00:00 0 
7fe36434e000-7fe36444e000 rw-p 00000000 00:00 0                          [stack:3717]
7fe36444e000-7fe36444f000 ---p 00000000 00:00 0 
7fe36444f000-7fe364563000 rw-p 00000000 00:00 0                          [stack:3716]
7fe364563000-7fe36468f000 ---p 00000000 00:00 0 
7fe36468f000-7fe3646a3000 rw-p 00000000 00:00 0 
7fe3646a3000-7fe3647ce000 ---p 00000000 00:00 0 
7fe3647ce000-7fe364813000 rw-p 00000000 00:00 0 
7fe364813000-7fe36486e000 ---p 00000000 00:00 0 
7fe36486e000-7fe36489d000 rw-p 00000000 00:00 0 
7fe36489d000-7fe364c2f000 ---p 00000000 00:00 0 
7fe364c2f000-7fe364c49000 r-xp 00000000 08:01 5119703                    /usr/share/jdk1.8.0_65/jre/lib/amd64/libzip.so
7fe364c49000-7fe364e49000 ---p 0001a000 08:01 5119703                    /usr/share/jdk1.8.0_65/jre/lib/amd64/libzip.so
7fe364e49000-7fe364e4a000 rw-p 0001a000 08:01 5119703                    /usr/share/jdk1.8.0_65/jre/lib/amd64/libzip.so
7fe364e4a000-7fe364e55000 r-xp 00000000 08:01 2888023                    /lib/x86_64-linux-gnu/libnss_files-2.19.so
7fe364e55000-7fe365054000 ---p 0000b000 08:01 2888023                    /lib/x86_64-linux-gnu/libnss_files-2.19.so
7fe365054000-7fe365055000 r--p 0000a000 08:01 2888023                    /lib/x86_64-linux-gnu/libnss_files-2.19.so
7fe365055000-7fe365056000 rw-p 0000b000 08:01 2888023                    /lib/x86_64-linux-gnu/libnss_files-2.19.so
7fe365056000-7fe365061000 r-xp 00000000 08:01 2888033                    /lib/x86_64-linux-gnu/libnss_nis-2.19.so
7fe365061000-7fe365260000 ---p 0000b000 08:01 2888033                    /lib/x86_64-linux-gnu/libnss_nis-2.19.so
7fe365260000-7fe365261000 r--p 0000a000 08:01 2888033                    /lib/x86_64-linux-gnu/libnss_nis-2.19.so
7fe365261000-7fe365262000 rw-p 0000b000 08:01 2888033                    /lib/x86_64-linux-gnu/libnss_nis-2.19.so
7fe365262000-7fe365279000 r-xp 00000000 08:01 2888017                    /lib/x86_64-linux-gnu/libnsl-2.19.so
7fe365279000-7fe365478000 ---p 00017000 08:01 2888017                    /lib/x86_64-linux-gnu/libnsl-2.19.so
7fe365478000-7fe365479000 r--p 00016000 08:01 2888017                    /lib/x86_64-linux-gnu/libnsl-2.19.so
7fe365479000-7fe36547a000 rw-p 00017000 08:01 2888017                    /lib/x86_64-linux-gnu/libnsl-2.19.so
7fe36547a000-7fe36547c000 rw-p 00000000 00:00 0 
7fe36547c000-7fe365485000 r-xp 00000000 08:01 2888019                    /lib/x86_64-linux-gnu/libnss_compat-2.19.so
7fe365485000-7fe365684000 ---p 00009000 08:01 2888019                    /lib/x86_64-linux-gnu/libnss_compat-2.19.so
7fe365684000-7fe365685000 r--p 00008000 08:01 2888019                    /lib/x86_64-linux-gnu/libnss_compat-2.19.so
7fe365685000-7fe365686000 rw-p 00009000 08:01 2888019                    /lib/x86_64-linux-gnu/libnss_compat-2.19.so
7fe365686000-7fe3656b0000 r-xp 00000000 08:01 5119697                    /usr/share/jdk1.8.0_65/jre/lib/amd64/libjava.so
7fe3656b0000-7fe3658b0000 ---p 0002a000 08:01 5119697                    /usr/share/jdk1.8.0_65/jre/lib/amd64/libjava.so
7fe3658b0000-7fe3658b2000 rw-p 0002a000 08:01 5119697                    /usr/share/jdk1.8.0_65/jre/lib/amd64/libjava.so
7fe3658b2000-7fe3658bf000 r-xp 00000000 08:01 5119682                    /usr/share/jdk1.8.0_65/jre/lib/amd64/libverify.so
7fe3658bf000-7fe365abf000 ---p 0000d000 08:01 5119682                    /usr/share/jdk1.8.0_65/jre/lib/amd64/libverify.so
7fe365abf000-7fe365ac1000 rw-p 0000d000 08:01 5119682                    /usr/share/jdk1.8.0_65/jre/lib/amd64/libverify.so
7fe365ac1000-7fe365ac8000 r-xp 00000000 08:01 2888076                    /lib/x86_64-linux-gnu/librt-2.19.so
7fe365ac8000-7fe365cc7000 ---p 00007000 08:01 2888076                    /lib/x86_64-linux-gnu/librt-2.19.so
7fe365cc7000-7fe365cc8000 r--p 00006000 08:01 2888076                    /lib/x86_64-linux-gnu/librt-2.19.so
7fe365cc8000-7fe365cc9000 rw-p 00007000 08:01 2888076                    /lib/x86_64-linux-gnu/librt-2.19.so
7fe365cc9000-7fe365dce000 r-xp 00000000 08:01 2887998                    /lib/x86_64-linux-gnu/libm-2.19.so
7fe365dce000-7fe365fcd000 ---p 00105000 08:01 2887998                    /lib/x86_64-linux-gnu/libm-2.19.so
7fe365fcd000-7fe365fce000 r--p 00104000 08:01 2887998                    /lib/x86_64-linux-gnu/libm-2.19.so
7fe365fce000-7fe365fcf000 rw-p 00105000 08:01 2887998                    /lib/x86_64-linux-gnu/libm-2.19.so
7fe365fcf000-7fe366c8d000 r-xp 00000000 08:01 5511081                    /usr/share/jdk1.8.0_65/jre/lib/amd64/server/libjvm.so
7fe366c8d000-7fe366e8c000 ---p 00cbe000 08:01 5511081                    /usr/share/jdk1.8.0_65/jre/lib/amd64/server/libjvm.so
7fe366e8c000-7fe366f64000 rw-p 00cbd000 08:01 5511081                    /usr/share/jdk1.8.0_65/jre/lib/amd64/server/libjvm.so
7fe366f64000-7fe366fa9000 rw-p 00000000 00:00 0 
7fe366fa9000-7fe367164000 r-xp 00000000 08:01 2887948                    /lib/x86_64-linux-gnu/libc-2.19.so
7fe367164000-7fe367363000 ---p 001bb000 08:01 2887948                    /lib/x86_64-linux-gnu/libc-2.19.so
7fe367363000-7fe367367000 r--p 001ba000 08:01 2887948                    /lib/x86_64-linux-gnu/libc-2.19.so
7fe367367000-7fe367369000 rw-p 001be000 08:01 2887948                    /lib/x86_64-linux-gnu/libc-2.19.so
7fe367369000-7fe36736e000 rw-p 00000000 00:00 0 
7fe36736e000-7fe367371000 r-xp 00000000 08:01 2887965                    /lib/x86_64-linux-gnu/libdl-2.19.so
7fe367371000-7fe367570000 ---p 00003000 08:01 2887965                    /lib/x86_64-linux-gnu/libdl-2.19.so
7fe367570000-7fe367571000 r--p 00002000 08:01 2887965                    /lib/x86_64-linux-gnu/libdl-2.19.so
7fe367571000-7fe367572000 rw-p 00003000 08:01 2887965                    /lib/x86_64-linux-gnu/libdl-2.19.so
7fe367572000-7fe367587000 r-xp 00000000 08:01 5511164                    /usr/share/jdk1.8.0_65/lib/amd64/jli/libjli.so
7fe367587000-7fe367787000 ---p 00015000 08:01 5511164                    /usr/share/jdk1.8.0_65/lib/amd64/jli/libjli.so
7fe367787000-7fe367788000 rw-p 00015000 08:01 5511164                    /usr/share/jdk1.8.0_65/lib/amd64/jli/libjli.so
7fe367788000-7fe3677a1000 r-xp 00000000 08:01 2888068                    /lib/x86_64-linux-gnu/libpthread-2.19.so
7fe3677a1000-7fe3679a0000 ---p 00019000 08:01 2888068                    /lib/x86_64-linux-gnu/libpthread-2.19.so
7fe3679a0000-7fe3679a1000 r--p 00018000 08:01 2888068                    /lib/x86_64-linux-gnu/libpthread-2.19.so
7fe3679a1000-7fe3679a2000 rw-p 00019000 08:01 2888068                    /lib/x86_64-linux-gnu/libpthread-2.19.so
7fe3679a2000-7fe3679a6000 rw-p 00000000 00:00 0 
7fe3679a6000-7fe3679c9000 r-xp 00000000 08:01 2887924                    /lib/x86_64-linux-gnu/ld-2.19.so
7fe3679c9000-7fe3679d0000 r--s 0003e000 08:01 5789582                    /usr/share/netbeans-8.1/java/maven/lib/sisu-inject-bean-2.3.0.jar
7fe3679d0000-7fe3679d2000 r--s 00009000 08:01 5789595                    /usr/share/netbeans-8.1/java/maven/lib/maven-embedder-3.0.5.jar
7fe3679d2000-7fe3679d4000 r--s 00000000 08:01 5789286                    /usr/share/netbeans-8.1/java/maven/lib/plexus-component-annotations-1.5.5.jar
7fe3679d4000-7fe367aac000 rw-p 00000000 00:00 0 
7fe367aac000-7fe367aaf000 ---p 00000000 00:00 0 
7fe367aaf000-7fe367bb1000 rw-p 00000000 00:00 0                          [stack:3715]
7fe367bb1000-7fe367bb2000 r--s 00002000 08:01 5789618                    /usr/share/netbeans-8.1/java/maven/lib/wagon-file-2.4.jar
7fe367bb2000-7fe367bb7000 r--s 00020000 08:01 5789547                    /usr/share/netbeans-8.1/java/maven/lib/maven-model-builder-3.0.5.jar
7fe367bb7000-7fe367bba000 r--s 0001d000 08:01 5789604                    /usr/share/netbeans-8.1/java/maven/lib/aether-impl-1.13.1.jar
7fe367bba000-7fe367bbc000 r--s 0000a000 08:01 5927083                    /usr/share/netbeans-8.1/java/maven/boot/plexus-classworlds-2.4.jar
7fe367bbc000-7fe367bc4000 rw-s 00000000 08:01 3019047                    /tmp/hsperfdata_tomo/3712
7fe367bc4000-7fe367bc5000 rw-p 00000000 00:00 0 
7fe367bc5000-7fe367bc6000 ---p 00000000 00:00 0 
7fe367bc6000-7fe367bc8000 rw-p 00000000 00:00 0 
7fe367bc8000-7fe367bc9000 r--p 00022000 08:01 2887924                    /lib/x86_64-linux-gnu/ld-2.19.so
7fe367bc9000-7fe367bca000 rw-p 00023000 08:01 2887924                    /lib/x86_64-linux-gnu/ld-2.19.so
7fe367bca000-7fe367bcb000 rw-p 00000000 00:00 0 
7ffcb14fe000-7ffcb151f000 rw-p 00000000 00:00 0                          [stack]
7ffcb1591000-7ffcb1593000 r--p 00000000 00:00 0                          [vvar]
7ffcb1593000-7ffcb1595000 r-xp 00000000 00:00 0                          [vdso]
ffffffffff600000-ffffffffff601000 r-xp 00000000 00:00 0                  [vsyscall]

VM Arguments:
jvm_args: -Dclassworlds.conf=/usr/share/netbeans-8.1/java/maven/bin/m2.conf -Dmaven.home=/usr/share/netbeans-8.1/java/maven 
java_command: org.codehaus.plexus.classworlds.launcher.Launcher -Dmaven.ext.class.path=/usr/share/netbeans-8.1/java/maven-nblib/netbeans-eventspy.jar clean install
java_class_path (initial): /usr/share/netbeans-8.1/java/maven/boot/plexus-classworlds-2.4.jar
Launcher Type: SUN_STANDARD

Environment Variables:
JAVA_HOME=/usr/share/jdk1.8.0_65
PATH=/usr/local/sbin:/usr/local/bin:/usr/sbin:/usr/bin:/sbin:/bin:/usr/games:/usr/local/games:/usr/share/jdk1.8.0_65/bin:/usr/share/netbeans-8.1/java/maven/bin:/usr/share/android-studio/bin:/usr/share/android-studio/gradle/gradle-2.4/bin
LD_LIBRARY_PATH=/usr/share/jdk1.8.0_65/jre/lib/amd64:/usr/share/jdk1.8.0_65/jre/lib/i386:
SHELL=/bin/bash
DISPLAY=:0

Signal Handlers:
SIGSEGV: [libjvm.so+0xaba070], sa_mask[0]=11111111011111111101111111111110, sa_flags=SA_RESTART|SA_SIGINFO
SIGBUS: [libjvm.so+0xaba070], sa_mask[0]=11111111011111111101111111111110, sa_flags=SA_RESTART|SA_SIGINFO
SIGFPE: [libjvm.so+0x917630], sa_mask[0]=11111111011111111101111111111110, sa_flags=SA_RESTART|SA_SIGINFO
SIGPIPE: [libjvm.so+0x917630], sa_mask[0]=11111111011111111101111111111110, sa_flags=SA_RESTART|SA_SIGINFO
SIGXFSZ: [libjvm.so+0x917630], sa_mask[0]=11111111011111111101111111111110, sa_flags=SA_RESTART|SA_SIGINFO
SIGILL: [libjvm.so+0x917630], sa_mask[0]=11111111011111111101111111111110, sa_flags=SA_RESTART|SA_SIGINFO
SIGUSR1: SIG_DFL, sa_mask[0]=00000000000000000000000000000000, sa_flags=none
SIGUSR2: [libjvm.so+0x918c60], sa_mask[0]=00100000000000000000000000000000, sa_flags=SA_RESTART|SA_SIGINFO
SIGHUP: [libjvm.so+0x91a060], sa_mask[0]=11111111011111111101111111111110, sa_flags=SA_RESTART|SA_SIGINFO
SIGINT: SIG_IGN, sa_mask[0]=00000000000000000000000000000000, sa_flags=none
SIGTERM: [libjvm.so+0x91a060], sa_mask[0]=11111111011111111101111111111110, sa_flags=SA_RESTART|SA_SIGINFO
SIGQUIT: [libjvm.so+0x91a060], sa_mask[0]=11111111011111111101111111111110, sa_flags=SA_RESTART|SA_SIGINFO


---------------  S Y S T E M  ---------------

OS:DISTRIB_ID=Ubuntu
DISTRIB_RELEASE=14.04
DISTRIB_CODENAME=trusty
DISTRIB_DESCRIPTION="Ubuntu 14.04.3 LTS"

uname:Linux 3.19.0-33-generic #38~14.04.1-Ubuntu SMP Fri Nov 6 18:17:28 UTC 2015 x86_64
libc:glibc 2.19 NPTL 2.19 
rlimit: STACK 8192k, CORE 0k, NPROC 15227, NOFILE 4096, AS infinity
load average:3,48 2,25 1,20

/proc/meminfo:
MemTotal:        3919516 kB
MemFree:          130796 kB
MemAvailable:      75332 kB
Buffers:            1068 kB
Cached:           285384 kB
SwapCached:            0 kB
Active:          3369740 kB
Inactive:         257044 kB
Active(anon):    3358976 kB
Inactive(anon):   246376 kB
Active(file):      10764 kB
Inactive(file):    10668 kB
Unevictable:          32 kB
Mlocked:              32 kB
SwapTotal:             0 kB
SwapFree:              0 kB
Dirty:              9276 kB
Writeback:             0 kB
AnonPages:       3341464 kB
Mapped:            65684 kB
Shmem:            263888 kB
Slab:              66776 kB
SReclaimable:      36584 kB
SUnreclaim:        30192 kB
KernelStack:        9728 kB
PageTables:        32088 kB
NFS_Unstable:          0 kB
Bounce:                0 kB
WritebackTmp:          0 kB
CommitLimit:     1959756 kB
Committed_AS:    6103972 kB
VmallocTotal:   34359738367 kB
VmallocUsed:      556432 kB
VmallocChunk:   34359134716 kB
HardwareCorrupted:     0 kB
AnonHugePages:   1308672 kB
CmaTotal:              0 kB
CmaFree:               0 kB
HugePages_Total:       0
HugePages_Free:        0
HugePages_Rsvd:        0
HugePages_Surp:        0
Hugepagesize:       2048 kB
DirectMap4k:      104188 kB
DirectMap2M:     3962880 kB


CPU:total 4 (2 cores per cpu, 2 threads per core) family 6 model 58 stepping 9, cmov, cx8, fxsr, mmx, sse, sse2, sse3, ssse3, sse4.1, sse4.2, popcnt, avx, aes, clmul, erms, ht, tsc, tscinvbit, tscinv

/proc/cpuinfo:
processor	: 0
vendor_id	: GenuineIntel
cpu family	: 6
model		: 58
model name	: Intel(R) Core(TM) i5-3210M CPU @ 2.50GHz
stepping	: 9
microcode	: 0x15
cpu MHz		: 2899.902
cache size	: 3072 KB
physical id	: 0
siblings	: 4
core id		: 0
cpu cores	: 2
apicid		: 0
initial apicid	: 0
fpu		: yes
fpu_exception	: yes
cpuid level	: 13
wp		: yes
flags		: fpu vme de pse tsc msr pae mce cx8 apic sep mtrr pge mca cmov pat pse36 clflush dts acpi mmx fxsr sse sse2 ss ht tm pbe syscall nx rdtscp lm constant_tsc arch_perfmon pebs bts rep_good nopl xtopology nonstop_tsc aperfmperf eagerfpu pni pclmulqdq dtes64 monitor ds_cpl vmx est tm2 ssse3 cx16 xtpr pdcm pcid sse4_1 sse4_2 x2apic popcnt tsc_deadline_timer aes xsave avx f16c rdrand lahf_lm ida arat epb pln pts dtherm tpr_shadow vnmi flexpriority ept vpid fsgsbase smep erms xsaveopt
bugs		:
bogomips	: 4988.50
clflush size	: 64
cache_alignment	: 64
address sizes	: 36 bits physical, 48 bits virtual
power management:

processor	: 1
vendor_id	: GenuineIntel
cpu family	: 6
model		: 58
model name	: Intel(R) Core(TM) i5-3210M CPU @ 2.50GHz
stepping	: 9
microcode	: 0x15
cpu MHz		: 2899.902
cache size	: 3072 KB
physical id	: 0
siblings	: 4
core id		: 0
cpu cores	: 2
apicid		: 1
initial apicid	: 1
fpu		: yes
fpu_exception	: yes
cpuid level	: 13
wp		: yes
flags		: fpu vme de pse tsc msr pae mce cx8 apic sep mtrr pge mca cmov pat pse36 clflush dts acpi mmx fxsr sse sse2 ss ht tm pbe syscall nx rdtscp lm constant_tsc arch_perfmon pebs bts rep_good nopl xtopology nonstop_tsc aperfmperf eagerfpu pni pclmulqdq dtes64 monitor ds_cpl vmx est tm2 ssse3 cx16 xtpr pdcm pcid sse4_1 sse4_2 x2apic popcnt tsc_deadline_timer aes xsave avx f16c rdrand lahf_lm ida arat epb pln pts dtherm tpr_shadow vnmi flexpriority ept vpid fsgsbase smep erms xsaveopt
bugs		:
bogomips	: 4988.50
clflush size	: 64
cache_alignment	: 64
address sizes	: 36 bits physical, 48 bits virtual
power management:

processor	: 2
vendor_id	: GenuineIntel
cpu family	: 6
model		: 58
model name	: Intel(R) Core(TM) i5-3210M CPU @ 2.50GHz
stepping	: 9
microcode	: 0x15
cpu MHz		: 2899.902
cache size	: 3072 KB
physical id	: 0
siblings	: 4
core id		: 1
cpu cores	: 2
apicid		: 2
initial apicid	: 2
fpu		: yes
fpu_exception	: yes
cpuid level	: 13
wp		: yes
flags		: fpu vme de pse tsc msr pae mce cx8 apic sep mtrr pge mca cmov pat pse36 clflush dts acpi mmx fxsr sse sse2 ss ht tm pbe syscall nx rdtscp lm constant_tsc arch_perfmon pebs bts rep_good nopl xtopology nonstop_tsc aperfmperf eagerfpu pni pclmulqdq dtes64 monitor ds_cpl vmx est tm2 ssse3 cx16 xtpr pdcm pcid sse4_1 sse4_2 x2apic popcnt tsc_deadline_timer aes xsave avx f16c rdrand lahf_lm ida arat epb pln pts dtherm tpr_shadow vnmi flexpriority ept vpid fsgsbase smep erms xsaveopt
bugs		:
bogomips	: 4988.50
clflush size	: 64
cache_alignment	: 64
address sizes	: 36 bits physical, 48 bits virtual
power management:

processor	: 3
vendor_id	: GenuineIntel
cpu family	: 6
model		: 58
model name	: Intel(R) Core(TM) i5-3210M CPU @ 2.50GHz
stepping	: 9
microcode	: 0x15
cpu MHz		: 2899.902
cache size	: 3072 KB
physical id	: 0
siblings	: 4
core id		: 1
cpu cores	: 2
apicid		: 3
initial apicid	: 3
fpu		: yes
fpu_exception	: yes
cpuid level	: 13
wp		: yes
flags		: fpu vme de pse tsc msr pae mce cx8 apic sep mtrr pge mca cmov pat pse36 clflush dts acpi mmx fxsr sse sse2 ss ht tm pbe syscall nx rdtscp lm constant_tsc arch_perfmon pebs bts rep_good nopl xtopology nonstop_tsc aperfmperf eagerfpu pni pclmulqdq dtes64 monitor ds_cpl vmx est tm2 ssse3 cx16 xtpr pdcm pcid sse4_1 sse4_2 x2apic popcnt tsc_deadline_timer aes xsave avx f16c rdrand lahf_lm ida arat epb pln pts dtherm tpr_shadow vnmi flexpriority ept vpid fsgsbase smep erms xsaveopt
bugs		:
bogomips	: 4988.50
clflush size	: 64
cache_alignment	: 64
address sizes	: 36 bits physical, 48 bits virtual
power management:



Memory: 4k page, physical 3919516k(130796k free), swap 0k(0k free)

vm_info: Java HotSpot(TM) 64-Bit Server VM (25.65-b01) for linux-amd64 JRE (1.8.0_65-b17), built on Oct  6 2015 17:16:12 by "java_re" with gcc 4.3.0 20080428 (Red Hat 4.3.0-8)

time: Tue Nov 17 09:02:28 2015
elapsed time: 90 seconds (0d 0h 1m 30s)

