#
# There is insufficient memory for the Java Runtime Environment to continue.
# Native memory allocation (mmap) failed to map 41943040 bytes for committing reserved memory.
# Possible reasons:
#   The system is out of physical RAM or swap space
#   In 32 bit mode, the process size limit was hit
# Possible solutions:
#   Reduce memory load on the system
#   Increase physical memory or swap space
#   Check if swap backing store is full
#   Use 64 bit Java on a 64 bit OS
#   Decrease Java heap size (-Xmx/-Xms)
#   Decrease number of Java threads
#   Decrease Java thread stack sizes (-Xss)
#   Set larger code cache with -XX:ReservedCodeCacheSize=
# This output file may be truncated or incomplete.
#
#  Out of Memory Error (os_linux.cpp:2627), pid=8820, tid=140206325376768
#
# JRE version: Java(TM) SE Runtime Environment (8.0_65-b17) (build 1.8.0_65-b17)
# Java VM: Java HotSpot(TM) 64-Bit Server VM (25.65-b01 mixed mode linux-amd64 compressed oops)
# Failed to write core dump. Core dumps have been disabled. To enable core dumping, try "ulimit -c unlimited" before starting Java again
#

---------------  T H R E A D  ---------------

Current thread (0x00007f8450078000):  VMThread [stack: 0x00007f8454282000,0x00007f8454383000] [id=8829]

Stack: [0x00007f8454282000,0x00007f8454383000],  sp=0x00007f84543812e0,  free space=1020k
Native frames: (J=compiled Java code, j=interpreted, Vv=VM code, C=native code)
V  [libjvm.so+0xab97ea]  VMError::report_and_die()+0x2ba
V  [libjvm.so+0x4f9dcb]  report_vm_out_of_memory(char const*, int, unsigned long, VMErrorType, char const*)+0x8b
V  [libjvm.so+0x91a7c3]  os::Linux::commit_memory_impl(char*, unsigned long, bool)+0x103
V  [libjvm.so+0x91ad19]  os::pd_commit_memory(char*, unsigned long, unsigned long, bool)+0x29
V  [libjvm.so+0x91502a]  os::commit_memory(char*, unsigned long, unsigned long, bool)+0x2a
V  [libjvm.so+0x9886d3]  PSVirtualSpace::expand_by(unsigned long)+0x53
V  [libjvm.so+0x989ad8]  PSYoungGen::resize_generation(unsigned long, unsigned long)+0xf8
V  [libjvm.so+0x988c32]  PSYoungGen::resize(unsigned long, unsigned long)+0x22
V  [libjvm.so+0x985f0b]  PSScavenge::invoke_no_policy()+0xf3b
V  [libjvm.so+0x986691]  PSScavenge::invoke()+0x41
V  [libjvm.so+0x93e430]  ParallelScavengeHeap::failed_mem_allocate(unsigned long)+0x70
V  [libjvm.so+0xabb207]  VM_ParallelGCFailedAllocation::doit()+0x97
V  [libjvm.so+0xac2c35]  VM_Operation::evaluate()+0x55
V  [libjvm.so+0xac100a]  VMThread::evaluate_operation(VM_Operation*)+0xba
V  [libjvm.so+0xac138e]  VMThread::loop()+0x1ce
V  [libjvm.so+0xac1800]  VMThread::run()+0x70
V  [libjvm.so+0x91cb88]  java_start(Thread*)+0x108

VM_Operation (0x00007f843dfe2b40): ParallelGCFailedAllocation, mode: safepoint, requested by thread 0x00007f8450136800


---------------  P R O C E S S  ---------------

Java Threads: ( => current thread )
  0x00007f845013a000 JavaThread "pool-1-thread-4" [_thread_blocked, id=8852, stack(0x00007f843dce2000,0x00007f843dde3000)]
  0x00007f8450138000 JavaThread "pool-1-thread-3" [_thread_blocked, id=8851, stack(0x00007f843dde3000,0x00007f843dee4000)]
  0x00007f8450136800 JavaThread "pool-1-thread-2" [_thread_blocked, id=8850, stack(0x00007f843dee4000,0x00007f843dfe5000)]
  0x00007f8450135800 JavaThread "pool-2-thread-1" [_thread_blocked, id=8849, stack(0x00007f843dfe5000,0x00007f843e0e6000)]
  0x00007f8450133800 JavaThread "pool-1-thread-1" [_thread_blocked, id=8848, stack(0x00007f843e0e6000,0x00007f843e1e7000)]
  0x00007f84500c1000 JavaThread "Service Thread" daemon [_thread_blocked, id=8836, stack(0x00007f843e2e8000,0x00007f843e3e9000)]
  0x00007f84500bc000 JavaThread "C1 CompilerThread2" daemon [_thread_blocked, id=8835, stack(0x00007f843e3e9000,0x00007f843e4ea000)]
  0x00007f84500ba800 JavaThread "C2 CompilerThread1" daemon [_thread_blocked, id=8834, stack(0x00007f843e4ea000,0x00007f843e5eb000)]
  0x00007f84500b7800 JavaThread "C2 CompilerThread0" daemon [_thread_blocked, id=8833, stack(0x00007f843e5eb000,0x00007f843e6ec000)]
  0x00007f84500b6000 JavaThread "Signal Dispatcher" daemon [_thread_blocked, id=8832, stack(0x00007f843e6ec000,0x00007f843e7ed000)]
  0x00007f845007f000 JavaThread "Finalizer" daemon [_thread_blocked, id=8831, stack(0x00007f8454080000,0x00007f8454181000)]
  0x00007f845007d000 JavaThread "Reference Handler" daemon [_thread_blocked, id=8830, stack(0x00007f8454181000,0x00007f8454282000)]
  0x00007f845000a000 JavaThread "main" [_thread_blocked, id=8822, stack(0x00007f845992a000,0x00007f8459a2b000)]

Other Threads:
=>0x00007f8450078000 VMThread [stack: 0x00007f8454282000,0x00007f8454383000] [id=8829]
  0x00007f84500c4000 WatcherThread [stack: 0x00007f843e1e7000,0x00007f843e2e8000] [id=8837]

VM state:at safepoint (normal execution)

VM Mutex/Monitor currently owned by a thread:  ([mutex/lock_event])
[0x00007f8450006390] Threads_lock - owner thread: 0x00007f8450078000
[0x00007f8450006890] Heap_lock - owner thread: 0x00007f8450136800

Heap:
 PSYoungGen      total 33280K, used 2528K [0x00000000eab00000, 0x00000000ece00000, 0x0000000100000000)
  eden space 30720K, 0% used [0x00000000eab00000,0x00000000eab00000,0x00000000ec900000)
  from space 2560K, 98% used [0x00000000ec900000,0x00000000ecb78028,0x00000000ecb80000)
  to   space 2560K, 0% used [0x00000000ecb80000,0x00000000ecb80000,0x00000000ece00000)
 ParOldGen       total 40960K, used 11253K [0x00000000c0000000, 0x00000000c2800000, 0x00000000eab00000)
  object space 40960K, 27% used [0x00000000c0000000,0x00000000c0afd728,0x00000000c2800000)
 Metaspace       used 5909K, capacity 6896K, committed 7040K, reserved 1056768K
  class space    used 592K, capacity 616K, committed 640K, reserved 1048576K

Card table byte_map: [0x00007f84564ec000,0x00007f84566ed000] byte_map_base: 0x00007f8455eec000

Marking Bits: (ParMarkBitMap*) 0x00007f8458dfbde0
 Begin Bits: [0x00007f843f000000, 0x00007f8440000000)
 End Bits:   [0x00007f8440000000, 0x00007f8441000000)

Polling page: 0x00007f8459a43000

CodeCache: size=245760Kb used=4211Kb max_used=4211Kb free=241548Kb
 bounds [0x00007f8441000000, 0x00007f8441430000, 0x00007f8450000000]
 total_blobs=1418 nmethods=1150 adapters=182
 compilation: enabled

Compilation events (10 events):
Event: 4,777 Thread 0x00007f84500ba800 nmethod 1308 0x00007f844141bad0 code [0x00007f844141bc80, 0x00007f844141c438]
Event: 4,777 Thread 0x00007f84500ba800 1332       4       com.android.dx.ssa.SCCP::simulateStmt (481 bytes)
Event: 4,833 Thread 0x00007f84500bc000 nmethod 1363% 0x00007f844141cbd0 code [0x00007f844141d060, 0x00007f844141fb48]
Event: 4,834 Thread 0x00007f84500bc000 1368       2       com.android.dx.dex.code.RopTranslator::outputBlock (202 bytes)
Event: 4,844 Thread 0x00007f84500bc000 nmethod 1368 0x00007f8441401010 code [0x00007f84414012c0, 0x00007f8441401d08]
Event: 4,844 Thread 0x00007f84500bc000 1366       3       java.util.TreeMap::put (247 bytes)
Event: 4,863 Thread 0x00007f84500bc000 nmethod 1366 0x00007f8441421290 code [0x00007f8441421500, 0x00007f84414226d8]
Event: 4,863 Thread 0x00007f84500bc000 1372       1       java.util.HashMap::afterNodeAccess (1 bytes)
Event: 4,863 Thread 0x00007f84500bc000 nmethod 1372 0x00007f844140f510 code [0x00007f844140f660, 0x00007f844140f770]
Event: 4,863 Thread 0x00007f84500bc000 1383       3       com.android.dx.rop.code.LocalVariableExtractor::processBlock (327 bytes)

GC Heap History (9 events):
Event: 1,528 GC heap before
{Heap before GC invocations=1 (full 0):
 PSYoungGen      total 17920K, used 15360K [0x00000000eab00000, 0x00000000ebf00000, 0x0000000100000000)
  eden space 15360K, 100% used [0x00000000eab00000,0x00000000eba00000,0x00000000eba00000)
  from space 2560K, 0% used [0x00000000ebc80000,0x00000000ebc80000,0x00000000ebf00000)
  to   space 2560K, 0% used [0x00000000eba00000,0x00000000eba00000,0x00000000ebc80000)
 ParOldGen       total 40960K, used 0K [0x00000000c0000000, 0x00000000c2800000, 0x00000000eab00000)
  object space 40960K, 0% used [0x00000000c0000000,0x00000000c0000000,0x00000000c2800000)
 Metaspace       used 5285K, capacity 6384K, committed 6528K, reserved 1056768K
  class space    used 578K, capacity 616K, committed 640K, reserved 1048576K
Event: 1,538 GC heap after
Heap after GC invocations=1 (full 0):
 PSYoungGen      total 17920K, used 2528K [0x00000000eab00000, 0x00000000ebf00000, 0x0000000100000000)
  eden space 15360K, 0% used [0x00000000eab00000,0x00000000eab00000,0x00000000eba00000)
  from space 2560K, 98% used [0x00000000eba00000,0x00000000ebc783a0,0x00000000ebc80000)
  to   space 2560K, 0% used [0x00000000ebc80000,0x00000000ebc80000,0x00000000ebf00000)
 ParOldGen       total 40960K, used 510K [0x00000000c0000000, 0x00000000c2800000, 0x00000000eab00000)
  object space 40960K, 1% used [0x00000000c0000000,0x00000000c007fb38,0x00000000c2800000)
 Metaspace       used 5285K, capacity 6384K, committed 6528K, reserved 1056768K
  class space    used 578K, capacity 616K, committed 640K, reserved 1048576K
}
Event: 2,802 GC heap before
{Heap before GC invocations=2 (full 0):
 PSYoungGen      total 17920K, used 17888K [0x00000000eab00000, 0x00000000ebf00000, 0x0000000100000000)
  eden space 15360K, 100% used [0x00000000eab00000,0x00000000eba00000,0x00000000eba00000)
  from space 2560K, 98% used [0x00000000eba00000,0x00000000ebc783a0,0x00000000ebc80000)
  to   space 2560K, 0% used [0x00000000ebc80000,0x00000000ebc80000,0x00000000ebf00000)
 ParOldGen       total 40960K, used 510K [0x00000000c0000000, 0x00000000c2800000, 0x00000000eab00000)
  object space 40960K, 1% used [0x00000000c0000000,0x00000000c007fb38,0x00000000c2800000)
 Metaspace       used 5727K, capacity 6704K, committed 6784K, reserved 1056768K
  class space    used 585K, capacity 616K, committed 640K, reserved 1048576K
Event: 2,848 GC heap after
Heap after GC invocations=2 (full 0):
 PSYoungGen      total 17920K, used 2538K [0x00000000eab00000, 0x00000000ece00000, 0x0000000100000000)
  eden space 15360K, 0% used [0x00000000eab00000,0x00000000eab00000,0x00000000eba00000)
  from space 2560K, 99% used [0x00000000ebc80000,0x00000000ebefaab8,0x00000000ebf00000)
  to   space 2560K, 0% used [0x00000000eba00000,0x00000000eba00000,0x00000000ebc80000)
 ParOldGen       total 40960K, used 2198K [0x00000000c0000000, 0x00000000c2800000, 0x00000000eab00000)
  object space 40960K, 5% used [0x00000000c0000000,0x00000000c0225890,0x00000000c2800000)
 Metaspace       used 5727K, capacity 6704K, committed 6784K, reserved 1056768K
  class space    used 585K, capacity 616K, committed 640K, reserved 1048576K
}
Event: 3,483 GC heap before
{Heap before GC invocations=3 (full 0):
 PSYoungGen      total 17920K, used 17898K [0x00000000eab00000, 0x00000000ece00000, 0x0000000100000000)
  eden space 15360K, 100% used [0x00000000eab00000,0x00000000eba00000,0x00000000eba00000)
  from space 2560K, 99% used [0x00000000ebc80000,0x00000000ebefaab8,0x00000000ebf00000)
  to   space 2560K, 0% used [0x00000000eba00000,0x00000000eba00000,0x00000000ebc80000)
 ParOldGen       total 40960K, used 2198K [0x00000000c0000000, 0x00000000c2800000, 0x00000000eab00000)
  object space 40960K, 5% used [0x00000000c0000000,0x00000000c0225890,0x00000000c2800000)
 Metaspace       used 5799K, capacity 6768K, committed 7040K, reserved 1056768K
  class space    used 589K, capacity 616K, committed 640K, reserved 1048576K
Event: 3,536 GC heap after
Heap after GC invocations=3 (full 0):
 PSYoungGen      total 17920K, used 2544K [0x00000000eab00000, 0x00000000ece00000, 0x0000000100000000)
  eden space 15360K, 0% used [0x00000000eab00000,0x00000000eab00000,0x00000000eba00000)
  from space 2560K, 99% used [0x00000000eba00000,0x00000000ebc7c038,0x00000000ebc80000)
  to   space 2560K, 0% used [0x00000000ecb80000,0x00000000ecb80000,0x00000000ece00000)
 ParOldGen       total 40960K, used 4224K [0x00000000c0000000, 0x00000000c2800000, 0x00000000eab00000)
  object space 40960K, 10% used [0x00000000c0000000,0x00000000c0420088,0x00000000c2800000)
 Metaspace       used 5799K, capacity 6768K, committed 7040K, reserved 1056768K
  class space    used 589K, capacity 616K, committed 640K, reserved 1048576K
}
Event: 3,990 GC heap before
{Heap before GC invocations=4 (full 0):
 PSYoungGen      total 17920K, used 17904K [0x00000000eab00000, 0x00000000ece00000, 0x0000000100000000)
  eden space 15360K, 100% used [0x00000000eab00000,0x00000000eba00000,0x00000000eba00000)
  from space 2560K, 99% used [0x00000000eba00000,0x00000000ebc7c038,0x00000000ebc80000)
  to   space 2560K, 0% used [0x00000000ecb80000,0x00000000ecb80000,0x00000000ece00000)
 ParOldGen       total 40960K, used 4224K [0x00000000c0000000, 0x00000000c2800000, 0x00000000eab00000)
  object space 40960K, 10% used [0x00000000c0000000,0x00000000c0420088,0x00000000c2800000)
 Metaspace       used 5822K, capacity 6832K, committed 7040K, reserved 1056768K
  class space    used 589K, capacity 616K, committed 640K, reserved 1048576K
Event: 4,033 GC heap after
Heap after GC invocations=4 (full 0):
 PSYoungGen      total 33280K, used 2544K [0x00000000eab00000, 0x00000000ece00000, 0x0000000100000000)
  eden space 30720K, 0% used [0x00000000eab00000,0x00000000eab00000,0x00000000ec900000)
  from space 2560K, 99% used [0x00000000ecb80000,0x00000000ecdfc038,0x00000000ece00000)
  to   space 2560K, 0% used [0x00000000ec900000,0x00000000ec900000,0x00000000ecb80000)
 ParOldGen       total 40960K, used 6593K [0x00000000c0000000, 0x00000000c2800000, 0x00000000eab00000)
  object space 40960K, 16% used [0x00000000c0000000,0x00000000c06704d0,0x00000000c2800000)
 Metaspace       used 5822K, capacity 6832K, committed 7040K, reserved 1056768K
  class space    used 589K, capacity 616K, committed 640K, reserved 1048576K
}
Event: 4,883 GC heap before
{Heap before GC invocations=5 (full 0):
 PSYoungGen      total 33280K, used 33264K [0x00000000eab00000, 0x00000000ece00000, 0x0000000100000000)
  eden space 30720K, 100% used [0x00000000eab00000,0x00000000ec900000,0x00000000ec900000)
  from space 2560K, 99% used [0x00000000ecb80000,0x00000000ecdfc038,0x00000000ece00000)
  to   space 2560K, 0% used [0x00000000ec900000,0x00000000ec900000,0x00000000ecb80000)
 ParOldGen       total 40960K, used 6593K [0x00000000c0000000, 0x00000000c2800000, 0x00000000eab00000)
  object space 40960K, 16% used [0x00000000c0000000,0x00000000c06704d0,0x00000000c2800000)
 Metaspace       used 5909K, capacity 6896K, committed 7040K, reserved 1056768K
  class space    used 592K, capacity 616K, committed 640K, reserved 1048576K

Deoptimization events (5 events):
Event: 1,058 Thread 0x00007f845000a000 Uncommon trap: reason=unstable_if action=reinterpret pc=0x00007f84411632d0 method=java.lang.String.indexOf(II)I @ 49
Event: 1,685 Thread 0x00007f8450133800 Uncommon trap: reason=unstable_if action=reinterpret pc=0x00007f84411e122c method=java.util.BitSet.nextSetBit(I)I @ 87
Event: 1,698 Thread 0x00007f8450133800 Uncommon trap: reason=unstable_if action=reinterpret pc=0x00007f84411dfcc4 method=java.util.HashMap.getNode(ILjava/lang/Object;)Ljava/util/HashMap$Node; @ 129
Event: 2,628 Thread 0x00007f845013a000 Uncommon trap: reason=unstable_if action=reinterpret pc=0x00007f84412b8cbc method=com.android.dx.rop.code.LocalItem.hashCode()I @ 25
Event: 4,565 Thread 0x00007f845013a000 Uncommon trap: reason=unstable_if action=reinterpret pc=0x00007f844137adbc method=com.android.dx.ssa.SsaMethod.updateOneDefinition(Lcom/android/dx/ssa/SsaInsn;Lcom/android/dx/rop/code/RegisterSpec;)V @ 4

Internal exceptions (2 events):
Event: 0,184 Thread 0x00007f845000a000 Exception <a 'java/lang/NoSuchMethodError': Method sun.misc.Unsafe.defineClass(Ljava/lang/String;[BII)Ljava/lang/Class; name or signature does not match> (0x00000000eab12b98) thrown at [/HUDSON/workspace/8-2-build-linux-amd64/jdk8u65/4987/hotspot/src/shar
Event: 0,185 Thread 0x00007f845000a000 Exception <a 'java/lang/NoSuchMethodError': Method sun.misc.Unsafe.prefetchRead(Ljava/lang/Object;J)V name or signature does not match> (0x00000000eab12e80) thrown at [/HUDSON/workspace/8-2-build-linux-amd64/jdk8u65/4987/hotspot/src/share/vm/prims/jni.cpp

Events (10 events):
Event: 4,567 Thread 0x00007f845013a000 DEOPT UNPACKING pc=0x00007f8441005229 sp=0x00007f843dde0b58 mode 2
Event: 4,632 Thread 0x00007f8450136800 DEOPT PACKING pc=0x00007f8441225603 sp=0x00007f843dfe2e00
Event: 4,632 Thread 0x00007f8450136800 DEOPT UNPACKING pc=0x00007f8441047633 sp=0x00007f843dfe2b78 mode 0
Event: 4,651 loading class com/android/dx/cf/attrib/AttRuntimeInvisibleAnnotations
Event: 4,654 loading class com/android/dx/cf/attrib/AttRuntimeInvisibleAnnotations done
Event: 4,657 loading class com/android/dx/cf/attrib/BaseAnnotations
Event: 4,657 loading class com/android/dx/cf/attrib/BaseAnnotations done
Event: 4,785 Thread 0x00007f8450138000 DEOPT PACKING pc=0x00007f8441342df5 sp=0x00007f843dee1f80
Event: 4,785 Thread 0x00007f8450138000 DEOPT UNPACKING pc=0x00007f8441047633 sp=0x00007f843dee1d58 mode 0
Event: 4,872 Executing VM operation: ParallelGCFailedAllocation


Dynamic libraries:
00400000-00401000 r-xp 00000000 08:01 4730641                            /usr/share/jdk1.8.0_65/bin/java
00600000-00601000 rw-p 00000000 08:01 4730641                            /usr/share/jdk1.8.0_65/bin/java
018fb000-0191c000 rw-p 00000000 00:00 0                                  [heap]
c0000000-c2800000 rw-p 00000000 00:00 0 
c2800000-eab00000 ---p 00000000 00:00 0 
eab00000-ece00000 rw-p 00000000 00:00 0 
ef600000-100000000 ---p 00000000 00:00 0 
100000000-1000a0000 rw-p 00000000 00:00 0 
1000a0000-140000000 ---p 00000000 00:00 0 
7f83f0000000-7f83f0021000 rw-p 00000000 00:00 0 
7f83f0021000-7f83f4000000 ---p 00000000 00:00 0 
7f83f8000000-7f83f8032000 rw-p 00000000 00:00 0 
7f83f8032000-7f83fc000000 ---p 00000000 00:00 0 
7f83fc000000-7f83fc021000 rw-p 00000000 00:00 0 
7f83fc021000-7f8400000000 ---p 00000000 00:00 0 
7f8400000000-7f8400037000 rw-p 00000000 00:00 0 
7f8400037000-7f8404000000 ---p 00000000 00:00 0 
7f8404000000-7f8404021000 rw-p 00000000 00:00 0 
7f8404021000-7f8408000000 ---p 00000000 00:00 0 
7f8408000000-7f8408021000 rw-p 00000000 00:00 0 
7f8408021000-7f840c000000 ---p 00000000 00:00 0 
7f840c000000-7f840c021000 rw-p 00000000 00:00 0 
7f840c021000-7f8410000000 ---p 00000000 00:00 0 
7f8410000000-7f8410519000 rw-p 00000000 00:00 0 
7f8410519000-7f8414000000 ---p 00000000 00:00 0 
7f8414000000-7f841469d000 rw-p 00000000 00:00 0 
7f841469d000-7f8418000000 ---p 00000000 00:00 0 
7f8418000000-7f8418021000 rw-p 00000000 00:00 0 
7f8418021000-7f841c000000 ---p 00000000 00:00 0 
7f841c000000-7f841c492000 rw-p 00000000 00:00 0 
7f841c492000-7f8420000000 ---p 00000000 00:00 0 
7f8420000000-7f8420021000 rw-p 00000000 00:00 0 
7f8420021000-7f8424000000 ---p 00000000 00:00 0 
7f8424000000-7f8424021000 rw-p 00000000 00:00 0 
7f8424021000-7f8428000000 ---p 00000000 00:00 0 
7f8428000000-7f8428021000 rw-p 00000000 00:00 0 
7f8428021000-7f842c000000 ---p 00000000 00:00 0 
7f842c000000-7f842c28b000 rw-p 00000000 00:00 0 
7f842c28b000-7f8430000000 ---p 00000000 00:00 0 
7f8430000000-7f8430021000 rw-p 00000000 00:00 0 
7f8430021000-7f8434000000 ---p 00000000 00:00 0 
7f8434000000-7f8434021000 rw-p 00000000 00:00 0 
7f8434021000-7f8438000000 ---p 00000000 00:00 0 
7f8438000000-7f8438021000 rw-p 00000000 00:00 0 
7f8438021000-7f843c000000 ---p 00000000 00:00 0 
7f843dce2000-7f843dce5000 ---p 00000000 00:00 0 
7f843dce5000-7f843dde3000 rw-p 00000000 00:00 0                          [stack:8852]
7f843dde3000-7f843dde6000 ---p 00000000 00:00 0 
7f843dde6000-7f843dee4000 rw-p 00000000 00:00 0                          [stack:8851]
7f843dee4000-7f843dee7000 ---p 00000000 00:00 0 
7f843dee7000-7f843dfe5000 rw-p 00000000 00:00 0                          [stack:8850]
7f843dfe5000-7f843dfe8000 ---p 00000000 00:00 0 
7f843dfe8000-7f843e0e6000 rw-p 00000000 00:00 0                          [stack:8849]
7f843e0e6000-7f843e0e9000 ---p 00000000 00:00 0 
7f843e0e9000-7f843e1e7000 rw-p 00000000 00:00 0                          [stack:8848]
7f843e1e7000-7f843e1e8000 ---p 00000000 00:00 0 
7f843e1e8000-7f843e2e8000 rw-p 00000000 00:00 0                          [stack:8837]
7f843e2e8000-7f843e2eb000 ---p 00000000 00:00 0 
7f843e2eb000-7f843e3e9000 rw-p 00000000 00:00 0                          [stack:8836]
7f843e3e9000-7f843e3ec000 ---p 00000000 00:00 0 
7f843e3ec000-7f843e4ea000 rw-p 00000000 00:00 0                          [stack:8835]
7f843e4ea000-7f843e4ed000 ---p 00000000 00:00 0 
7f843e4ed000-7f843e5eb000 rw-p 00000000 00:00 0                          [stack:8834]
7f843e5eb000-7f843e5ee000 ---p 00000000 00:00 0 
7f843e5ee000-7f843e6ec000 rw-p 00000000 00:00 0                          [stack:8833]
7f843e6ec000-7f843e6ef000 ---p 00000000 00:00 0 
7f843e6ef000-7f843e7ed000 rw-p 00000000 00:00 0                          [stack:8832]
7f843e7ed000-7f843f000000 r--p 00000000 08:01 4725739                    /usr/lib/locale/locale-archive
7f843f000000-7f8441000000 rw-p 00000000 00:00 0 
7f8441000000-7f8441430000 rwxp 00000000 00:00 0 
7f8441430000-7f8450000000 ---p 00000000 00:00 0 
7f8450000000-7f845038a000 rw-p 00000000 00:00 0 
7f845038a000-7f8454000000 ---p 00000000 00:00 0 
7f8454071000-7f8454080000 r--s 000df000 08:01 525311                     /home/tomo/Android/Sdk/build-tools/23.0.2/lib/dx.jar
7f8454080000-7f8454083000 ---p 00000000 00:00 0 
7f8454083000-7f8454181000 rw-p 00000000 00:00 0                          [stack:8831]
7f8454181000-7f8454184000 ---p 00000000 00:00 0 
7f8454184000-7f8454282000 rw-p 00000000 00:00 0                          [stack:8830]
7f8454282000-7f8454283000 ---p 00000000 00:00 0 
7f8454283000-7f8455344000 rw-p 00000000 00:00 0                          [stack:8829]
7f8455344000-7f845551c000 r--s 03d20000 08:01 4986810                    /usr/share/jdk1.8.0_65/jre/lib/rt.jar
7f845551c000-7f8455bd2000 rw-p 00000000 00:00 0 
7f8455bd2000-7f8455d92000 ---p 00000000 00:00 0 
7f8455d92000-7f8455f92000 rw-p 00000000 00:00 0 
7f8455f92000-7f8455f93000 ---p 00000000 00:00 0 
7f8455f93000-7f8456093000 rw-p 00000000 00:00 0                          [stack:8828]
7f8456093000-7f8456094000 ---p 00000000 00:00 0 
7f8456094000-7f8456194000 rw-p 00000000 00:00 0                          [stack:8827]
7f8456194000-7f8456195000 ---p 00000000 00:00 0 
7f8456195000-7f8456295000 rw-p 00000000 00:00 0                          [stack:8826]
7f8456295000-7f8456296000 ---p 00000000 00:00 0 
7f8456296000-7f84563aa000 rw-p 00000000 00:00 0                          [stack:8825]
7f84563aa000-7f84564ec000 ---p 00000000 00:00 0 
7f84564ec000-7f8456500000 rw-p 00000000 00:00 0 
7f8456500000-7f8456641000 ---p 00000000 00:00 0 
7f8456641000-7f8456653000 rw-p 00000000 00:00 0 
7f8456653000-7f84566ec000 ---p 00000000 00:00 0 
7f84566ec000-7f84566fe000 rw-p 00000000 00:00 0 
7f84566fe000-7f8456aad000 ---p 00000000 00:00 0 
7f8456aad000-7f8456ac7000 r-xp 00000000 08:01 5119703                    /usr/share/jdk1.8.0_65/jre/lib/amd64/libzip.so
7f8456ac7000-7f8456cc7000 ---p 0001a000 08:01 5119703                    /usr/share/jdk1.8.0_65/jre/lib/amd64/libzip.so
7f8456cc7000-7f8456cc8000 rw-p 0001a000 08:01 5119703                    /usr/share/jdk1.8.0_65/jre/lib/amd64/libzip.so
7f8456cc8000-7f8456cd3000 r-xp 00000000 08:01 2888023                    /lib/x86_64-linux-gnu/libnss_files-2.19.so
7f8456cd3000-7f8456ed2000 ---p 0000b000 08:01 2888023                    /lib/x86_64-linux-gnu/libnss_files-2.19.so
7f8456ed2000-7f8456ed3000 r--p 0000a000 08:01 2888023                    /lib/x86_64-linux-gnu/libnss_files-2.19.so
7f8456ed3000-7f8456ed4000 rw-p 0000b000 08:01 2888023                    /lib/x86_64-linux-gnu/libnss_files-2.19.so
7f8456ed4000-7f8456edf000 r-xp 00000000 08:01 2888033                    /lib/x86_64-linux-gnu/libnss_nis-2.19.so
7f8456edf000-7f84570de000 ---p 0000b000 08:01 2888033                    /lib/x86_64-linux-gnu/libnss_nis-2.19.so
7f84570de000-7f84570df000 r--p 0000a000 08:01 2888033                    /lib/x86_64-linux-gnu/libnss_nis-2.19.so
7f84570df000-7f84570e0000 rw-p 0000b000 08:01 2888033                    /lib/x86_64-linux-gnu/libnss_nis-2.19.so
7f84570e0000-7f84570f7000 r-xp 00000000 08:01 2888017                    /lib/x86_64-linux-gnu/libnsl-2.19.so
7f84570f7000-7f84572f6000 ---p 00017000 08:01 2888017                    /lib/x86_64-linux-gnu/libnsl-2.19.so
7f84572f6000-7f84572f7000 r--p 00016000 08:01 2888017                    /lib/x86_64-linux-gnu/libnsl-2.19.so
7f84572f7000-7f84572f8000 rw-p 00017000 08:01 2888017                    /lib/x86_64-linux-gnu/libnsl-2.19.so
7f84572f8000-7f84572fa000 rw-p 00000000 00:00 0 
7f84572fa000-7f8457303000 r-xp 00000000 08:01 2888019                    /lib/x86_64-linux-gnu/libnss_compat-2.19.so
7f8457303000-7f8457502000 ---p 00009000 08:01 2888019                    /lib/x86_64-linux-gnu/libnss_compat-2.19.so
7f8457502000-7f8457503000 r--p 00008000 08:01 2888019                    /lib/x86_64-linux-gnu/libnss_compat-2.19.so
7f8457503000-7f8457504000 rw-p 00009000 08:01 2888019                    /lib/x86_64-linux-gnu/libnss_compat-2.19.so
7f8457504000-7f845752e000 r-xp 00000000 08:01 5119697                    /usr/share/jdk1.8.0_65/jre/lib/amd64/libjava.so
7f845752e000-7f845772e000 ---p 0002a000 08:01 5119697                    /usr/share/jdk1.8.0_65/jre/lib/amd64/libjava.so
7f845772e000-7f8457730000 rw-p 0002a000 08:01 5119697                    /usr/share/jdk1.8.0_65/jre/lib/amd64/libjava.so
7f8457730000-7f845773d000 r-xp 00000000 08:01 5119682                    /usr/share/jdk1.8.0_65/jre/lib/amd64/libverify.so
7f845773d000-7f845793d000 ---p 0000d000 08:01 5119682                    /usr/share/jdk1.8.0_65/jre/lib/amd64/libverify.so
7f845793d000-7f845793f000 rw-p 0000d000 08:01 5119682                    /usr/share/jdk1.8.0_65/jre/lib/amd64/libverify.so
7f845793f000-7f8457946000 r-xp 00000000 08:01 2888076                    /lib/x86_64-linux-gnu/librt-2.19.so
7f8457946000-7f8457b45000 ---p 00007000 08:01 2888076                    /lib/x86_64-linux-gnu/librt-2.19.so
7f8457b45000-7f8457b46000 r--p 00006000 08:01 2888076                    /lib/x86_64-linux-gnu/librt-2.19.so
7f8457b46000-7f8457b47000 rw-p 00007000 08:01 2888076                    /lib/x86_64-linux-gnu/librt-2.19.so
7f8457b47000-7f8457c4c000 r-xp 00000000 08:01 2887998                    /lib/x86_64-linux-gnu/libm-2.19.so
7f8457c4c000-7f8457e4b000 ---p 00105000 08:01 2887998                    /lib/x86_64-linux-gnu/libm-2.19.so
7f8457e4b000-7f8457e4c000 r--p 00104000 08:01 2887998                    /lib/x86_64-linux-gnu/libm-2.19.so
7f8457e4c000-7f8457e4d000 rw-p 00105000 08:01 2887998                    /lib/x86_64-linux-gnu/libm-2.19.so
7f8457e4d000-7f8458b0b000 r-xp 00000000 08:01 5511081                    /usr/share/jdk1.8.0_65/jre/lib/amd64/server/libjvm.so
7f8458b0b000-7f8458d0a000 ---p 00cbe000 08:01 5511081                    /usr/share/jdk1.8.0_65/jre/lib/amd64/server/libjvm.so
7f8458d0a000-7f8458de2000 rw-p 00cbd000 08:01 5511081                    /usr/share/jdk1.8.0_65/jre/lib/amd64/server/libjvm.so
7f8458de2000-7f8458e27000 rw-p 00000000 00:00 0 
7f8458e27000-7f8458fe2000 r-xp 00000000 08:01 2887948                    /lib/x86_64-linux-gnu/libc-2.19.so
7f8458fe2000-7f84591e1000 ---p 001bb000 08:01 2887948                    /lib/x86_64-linux-gnu/libc-2.19.so
7f84591e1000-7f84591e5000 r--p 001ba000 08:01 2887948                    /lib/x86_64-linux-gnu/libc-2.19.so
7f84591e5000-7f84591e7000 rw-p 001be000 08:01 2887948                    /lib/x86_64-linux-gnu/libc-2.19.so
7f84591e7000-7f84591ec000 rw-p 00000000 00:00 0 
7f84591ec000-7f84591ef000 r-xp 00000000 08:01 2887965                    /lib/x86_64-linux-gnu/libdl-2.19.so
7f84591ef000-7f84593ee000 ---p 00003000 08:01 2887965                    /lib/x86_64-linux-gnu/libdl-2.19.so
7f84593ee000-7f84593ef000 r--p 00002000 08:01 2887965                    /lib/x86_64-linux-gnu/libdl-2.19.so
7f84593ef000-7f84593f0000 rw-p 00003000 08:01 2887965                    /lib/x86_64-linux-gnu/libdl-2.19.so
7f84593f0000-7f8459405000 r-xp 00000000 08:01 5511164                    /usr/share/jdk1.8.0_65/lib/amd64/jli/libjli.so
7f8459405000-7f8459605000 ---p 00015000 08:01 5511164                    /usr/share/jdk1.8.0_65/lib/amd64/jli/libjli.so
7f8459605000-7f8459606000 rw-p 00015000 08:01 5511164                    /usr/share/jdk1.8.0_65/lib/amd64/jli/libjli.so
7f8459606000-7f845961f000 r-xp 00000000 08:01 2888068                    /lib/x86_64-linux-gnu/libpthread-2.19.so
7f845961f000-7f845981e000 ---p 00019000 08:01 2888068                    /lib/x86_64-linux-gnu/libpthread-2.19.so
7f845981e000-7f845981f000 r--p 00018000 08:01 2888068                    /lib/x86_64-linux-gnu/libpthread-2.19.so
7f845981f000-7f8459820000 rw-p 00019000 08:01 2888068                    /lib/x86_64-linux-gnu/libpthread-2.19.so
7f8459820000-7f8459824000 rw-p 00000000 00:00 0 
7f8459824000-7f8459847000 r-xp 00000000 08:01 2887924                    /lib/x86_64-linux-gnu/ld-2.19.so
7f8459851000-7f845992a000 rw-p 00000000 00:00 0 
7f845992a000-7f845992d000 ---p 00000000 00:00 0 
7f845992d000-7f8459a30000 rw-p 00000000 00:00 0                          [stack:8822]
7f8459a30000-7f8459a3a000 r--s 00041000 08:01 5646657                    /home/tomo/AndroidStudioProjects/rsc/rsc-android/app/build/intermediates/exploded-aar/com.android.support/support-v4/23.1.1/jars/libs/internal_impl-23.1.1.jar
7f8459a3a000-7f8459a42000 rw-s 00000000 08:01 3016699                    /tmp/hsperfdata_tomo/8820
7f8459a42000-7f8459a43000 rw-p 00000000 00:00 0 
7f8459a43000-7f8459a44000 ---p 00000000 00:00 0 
7f8459a44000-7f8459a46000 rw-p 00000000 00:00 0 
7f8459a46000-7f8459a47000 r--p 00022000 08:01 2887924                    /lib/x86_64-linux-gnu/ld-2.19.so
7f8459a47000-7f8459a48000 rw-p 00023000 08:01 2887924                    /lib/x86_64-linux-gnu/ld-2.19.so
7f8459a48000-7f8459a49000 rw-p 00000000 00:00 0 
7fff2ee68000-7fff2ee89000 rw-p 00000000 00:00 0                          [stack]
7fff2ef52000-7fff2ef54000 r--p 00000000 00:00 0                          [vvar]
7fff2ef54000-7fff2ef56000 r-xp 00000000 00:00 0                          [vdso]
ffffffffff600000-ffffffffff601000 r-xp 00000000 00:00 0                  [vsyscall]

VM Arguments:
jvm_args: -Xmx1024M -Dfile.encoding=UTF-8 -Duser.country=US -Duser.language=en -Duser.variant 
java_command: com.android.dx.command.Main --dex --num-threads=4 --output /home/tomo/AndroidStudioProjects/rsc/rsc-android/app/build/intermediates/pre-dexed/debug/internal_impl-23.1.1-a46090fa6cb78ce408f86bfd3a023d2004fa0baf.jar /home/tomo/AndroidStudioProjects/rsc/rsc-android/app/build/intermediates/exploded-aar/com.android.support/support-v4/23.1.1/jars/libs/internal_impl-23.1.1.jar
java_class_path (initial): /home/tomo/Android/Sdk/build-tools/23.0.2/lib/dx.jar
Launcher Type: SUN_STANDARD

Environment Variables:
PATH=/usr/local/sbin:/usr/local/bin:/usr/sbin:/usr/bin:/sbin:/bin:/usr/games:/usr/local/games:/usr/share/jdk1.8.0_65/bin:/usr/share/netbeans-8.1/java/maven/bin:/usr/share/android-studio/bin:/usr/share/android-studio/gradle/gradle-2.4/bin
SHELL=/bin/bash
DISPLAY=:0

Signal Handlers:
SIGSEGV: [libjvm.so+0xaba070], sa_mask[0]=11111111011111111101111111111110, sa_flags=SA_RESTART|SA_SIGINFO
SIGBUS: [libjvm.so+0xaba070], sa_mask[0]=11111111011111111101111111111110, sa_flags=SA_RESTART|SA_SIGINFO
SIGFPE: [libjvm.so+0x917630], sa_mask[0]=11111111011111111101111111111110, sa_flags=SA_RESTART|SA_SIGINFO
SIGPIPE: [libjvm.so+0x917630], sa_mask[0]=11111111011111111101111111111110, sa_flags=SA_RESTART|SA_SIGINFO
SIGXFSZ: [libjvm.so+0x917630], sa_mask[0]=11111111011111111101111111111110, sa_flags=SA_RESTART|SA_SIGINFO
SIGILL: [libjvm.so+0x917630], sa_mask[0]=11111111011111111101111111111110, sa_flags=SA_RESTART|SA_SIGINFO
SIGUSR1: SIG_DFL, sa_mask[0]=00000000000000000000000000000000, sa_flags=none
SIGUSR2: [libjvm.so+0x918c60], sa_mask[0]=00100000000000000000000000000000, sa_flags=SA_RESTART|SA_SIGINFO
SIGHUP: [libjvm.so+0x91a060], sa_mask[0]=11111111011111111101111111111110, sa_flags=SA_RESTART|SA_SIGINFO
SIGINT: [libjvm.so+0x91a060], sa_mask[0]=11111111011111111101111111111110, sa_flags=SA_RESTART|SA_SIGINFO
SIGTERM: [libjvm.so+0x91a060], sa_mask[0]=11111111011111111101111111111110, sa_flags=SA_RESTART|SA_SIGINFO
SIGQUIT: [libjvm.so+0x91a060], sa_mask[0]=11111111011111111101111111111110, sa_flags=SA_RESTART|SA_SIGINFO


---------------  S Y S T E M  ---------------

OS:DISTRIB_ID=Ubuntu
DISTRIB_RELEASE=14.04
DISTRIB_CODENAME=trusty
DISTRIB_DESCRIPTION="Ubuntu 14.04.3 LTS"

uname:Linux 3.19.0-33-generic #38~14.04.1-Ubuntu SMP Fri Nov 6 18:17:28 UTC 2015 x86_64
libc:glibc 2.19 NPTL 2.19 
rlimit: STACK 8192k, CORE 0k, NPROC 15227, NOFILE 4096, AS infinity
load average:6,39 1,83 0,99

/proc/meminfo:
MemTotal:        3919516 kB
MemFree:          114016 kB
MemAvailable:      50368 kB
Buffers:             348 kB
Cached:           472520 kB
SwapCached:            0 kB
Active:          3214720 kB
Inactive:         427472 kB
Active(anon):    3209708 kB
Inactive(anon):   424096 kB
Active(file):       5012 kB
Inactive(file):     3376 kB
Unevictable:          56 kB
Mlocked:              56 kB
SwapTotal:             0 kB
SwapFree:              0 kB
Dirty:               236 kB
Writeback:             0 kB
AnonPages:       3170416 kB
Mapped:           115360 kB
Shmem:            463396 kB
Slab:              64812 kB
SReclaimable:      33252 kB
SUnreclaim:        31560 kB
KernelStack:       10144 kB
PageTables:        33324 kB
NFS_Unstable:          0 kB
Bounce:                0 kB
WritebackTmp:          0 kB
CommitLimit:     1959756 kB
Committed_AS:    6820512 kB
VmallocTotal:   34359738367 kB
VmallocUsed:      558020 kB
VmallocChunk:   34359139816 kB
HardwareCorrupted:     0 kB
AnonHugePages:   1171456 kB
CmaTotal:              0 kB
CmaFree:               0 kB
HugePages_Total:       0
HugePages_Free:        0
HugePages_Rsvd:        0
HugePages_Surp:        0
Hugepagesize:       2048 kB
DirectMap4k:      132860 kB
DirectMap2M:     3934208 kB


CPU:total 4 (2 cores per cpu, 2 threads per core) family 6 model 58 stepping 9, cmov, cx8, fxsr, mmx, sse, sse2, sse3, ssse3, sse4.1, sse4.2, popcnt, avx, aes, clmul, erms, ht, tsc, tscinvbit, tscinv

/proc/cpuinfo:
processor	: 0
vendor_id	: GenuineIntel
cpu family	: 6
model		: 58
model name	: Intel(R) Core(TM) i5-3210M CPU @ 2.50GHz
stepping	: 9
microcode	: 0x15
cpu MHz		: 2899.902
cache size	: 3072 KB
physical id	: 0
siblings	: 4
core id		: 0
cpu cores	: 2
apicid		: 0
initial apicid	: 0
fpu		: yes
fpu_exception	: yes
cpuid level	: 13
wp		: yes
flags		: fpu vme de pse tsc msr pae mce cx8 apic sep mtrr pge mca cmov pat pse36 clflush dts acpi mmx fxsr sse sse2 ss ht tm pbe syscall nx rdtscp lm constant_tsc arch_perfmon pebs bts rep_good nopl xtopology nonstop_tsc aperfmperf eagerfpu pni pclmulqdq dtes64 monitor ds_cpl vmx est tm2 ssse3 cx16 xtpr pdcm pcid sse4_1 sse4_2 x2apic popcnt tsc_deadline_timer aes xsave avx f16c rdrand lahf_lm ida arat epb pln pts dtherm tpr_shadow vnmi flexpriority ept vpid fsgsbase smep erms xsaveopt
bugs		:
bogomips	: 4988.54
clflush size	: 64
cache_alignment	: 64
address sizes	: 36 bits physical, 48 bits virtual
power management:

processor	: 1
vendor_id	: GenuineIntel
cpu family	: 6
model		: 58
model name	: Intel(R) Core(TM) i5-3210M CPU @ 2.50GHz
stepping	: 9
microcode	: 0x15
cpu MHz		: 2900.000
cache size	: 3072 KB
physical id	: 0
siblings	: 4
core id		: 0
cpu cores	: 2
apicid		: 1
initial apicid	: 1
fpu		: yes
fpu_exception	: yes
cpuid level	: 13
wp		: yes
flags		: fpu vme de pse tsc msr pae mce cx8 apic sep mtrr pge mca cmov pat pse36 clflush dts acpi mmx fxsr sse sse2 ss ht tm pbe syscall nx rdtscp lm constant_tsc arch_perfmon pebs bts rep_good nopl xtopology nonstop_tsc aperfmperf eagerfpu pni pclmulqdq dtes64 monitor ds_cpl vmx est tm2 ssse3 cx16 xtpr pdcm pcid sse4_1 sse4_2 x2apic popcnt tsc_deadline_timer aes xsave avx f16c rdrand lahf_lm ida arat epb pln pts dtherm tpr_shadow vnmi flexpriority ept vpid fsgsbase smep erms xsaveopt
bugs		:
bogomips	: 4988.54
clflush size	: 64
cache_alignment	: 64
address sizes	: 36 bits physical, 48 bits virtual
power management:

processor	: 2
vendor_id	: GenuineIntel
cpu family	: 6
model		: 58
model name	: Intel(R) Core(TM) i5-3210M CPU @ 2.50GHz
stepping	: 9
microcode	: 0x15
cpu MHz		: 2900.000
cache size	: 3072 KB
physical id	: 0
siblings	: 4
core id		: 1
cpu cores	: 2
apicid		: 2
initial apicid	: 2
fpu		: yes
fpu_exception	: yes
cpuid level	: 13
wp		: yes
flags		: fpu vme de pse tsc msr pae mce cx8 apic sep mtrr pge mca cmov pat pse36 clflush dts acpi mmx fxsr sse sse2 ss ht tm pbe syscall nx rdtscp lm constant_tsc arch_perfmon pebs bts rep_good nopl xtopology nonstop_tsc aperfmperf eagerfpu pni pclmulqdq dtes64 monitor ds_cpl vmx est tm2 ssse3 cx16 xtpr pdcm pcid sse4_1 sse4_2 x2apic popcnt tsc_deadline_timer aes xsave avx f16c rdrand lahf_lm ida arat epb pln pts dtherm tpr_shadow vnmi flexpriority ept vpid fsgsbase smep erms xsaveopt
bugs		:
bogomips	: 4988.54
clflush size	: 64
cache_alignment	: 64
address sizes	: 36 bits physical, 48 bits virtual
power management:

processor	: 3
vendor_id	: GenuineIntel
cpu family	: 6
model		: 58
model name	: Intel(R) Core(TM) i5-3210M CPU @ 2.50GHz
stepping	: 9
microcode	: 0x15
cpu MHz		: 2900.000
cache size	: 3072 KB
physical id	: 0
siblings	: 4
core id		: 1
cpu cores	: 2
apicid		: 3
initial apicid	: 3
fpu		: yes
fpu_exception	: yes
cpuid level	: 13
wp		: yes
flags		: fpu vme de pse tsc msr pae mce cx8 apic sep mtrr pge mca cmov pat pse36 clflush dts acpi mmx fxsr sse sse2 ss ht tm pbe syscall nx rdtscp lm constant_tsc arch_perfmon pebs bts rep_good nopl xtopology nonstop_tsc aperfmperf eagerfpu pni pclmulqdq dtes64 monitor ds_cpl vmx est tm2 ssse3 cx16 xtpr pdcm pcid sse4_1 sse4_2 x2apic popcnt tsc_deadline_timer aes xsave avx f16c rdrand lahf_lm ida arat epb pln pts dtherm tpr_shadow vnmi flexpriority ept vpid fsgsbase smep erms xsaveopt
bugs		:
bogomips	: 4988.54
clflush size	: 64
cache_alignment	: 64
address sizes	: 36 bits physical, 48 bits virtual
power management:



Memory: 4k page, physical 3919516k(114492k free), swap 0k(0k free)

vm_info: Java HotSpot(TM) 64-Bit Server VM (25.65-b01) for linux-amd64 JRE (1.8.0_65-b17), built on Oct  6 2015 17:16:12 by "java_re" with gcc 4.3.0 20080428 (Red Hat 4.3.0-8)

time: Sat Nov 21 15:30:38 2015
elapsed time: 5 seconds (0d 0h 0m 5s)

